set ucliGUI::state
set ucliGUI::state
ucliCore::getToolPID
synopsys::env hasTB
trigger_hier_stack_context_switch 0
synUtils::setDVEInitPhase 1
synopsys::dump -type VPD -file /afs/ece.cmu.edu/usr/cdgu/Private/18240/Labs/Lab5/inter.vpd -locking
synopsys::dump -autoflush on -fid VPD0
set ::dve_fid VPD0
synUtils::setDVEInitPhase 0
ucliCore::getToolPID
synUtils::sendTool -active _icl_setToolSocket /tmp/smlnptLJNv6
synUtils::sendTool -active {_icl_start_rpc -version "J-2014.12-SP3-1_Full64" -sync_file /tmp/vcs_dve_rpc.cdgu.160625}
synUtils::sendTool -active {_icl_createSharedMemory /tmp/vcs_dve_general.cdgu.160625}
config endofsim noexit
config onfail enable all
config syscaddplainmembers
config syscaddsourcenames
config syscaddstructtypes
synopsys::listing -disable
synopsys::dump -add {testLab5.CoinInserted testLab5.CoinValue testLab5.GameWon testLab5.GradeIt testLab5.Guess testLab5.LoadShape testLab5.LoadShapeNow testLab5.NumGames testLab5.RoundNumber testLab5.ShapeLocation testLab5.StartGame testLab5.Znarly testLab5.Zood testLab5.clock testLab5.debug testLab5.reset } -aggregates  -fid VPD0
synopsys::run
set ucliGUI::state
set ucliGUI::state
set synopsys::env(time) 55209480
set synopsys::env(time) 109007445
set synopsys::env(time) 164980595
set synopsys::env(time) 221538205
set synopsys::env(time) 280227215
set synopsys::env(time) 335946305
set synopsys::env(time) 391960695
set synopsys::env(time) 447752970
set synopsys::env(time) 504037480
set synopsys::env(time) 562713625
set synopsys::env(time) 621601420
set synopsys::env(time) 680872945
set synopsys::env(time) 739653870
set synopsys::env(time) 799122965
set synopsys::env(time) 858323720
set synopsys::env(time) 914965105
set synopsys::env(time) 974304865
set synopsys::env(time) 1033373710
set synopsys::env(time) 1092139060
set synopsys::env(time) 1150492035
set synopsys::env(time) 1209739930
set synopsys::env(time) 1267622420
set synopsys::env(time) 1319717615
set synopsys::env(time) 1372176570
set synopsys::env(time) 1424452170
set synopsys::env(time) 1476643805
set synopsys::env(time) 1526912025
set synopsys::env(time) 1578864990
set synopsys::env(time) 1631278420
set synopsys::env(time) 1687485280
set synopsys::env(time) 1747817915
set synopsys::env(time) 1808185075
set synopsys::env(time) 1868297725
set synopsys::env(time) 1927266875
set synopsys::env(time) 1986038530
set synopsys::env(time) 2044994745
set synopsys::env(time) 2104040310
set synopsys::env(time) 2161133740
set synopsys::env(time) 2220244090
set synopsys::env(time) 2279500650
set synopsys::env(time) 2338320140
set synopsys::env(time) 2397345260
set synopsys::env(time) 2455595645
set synopsys::env(time) 2513673705
set synopsys::env(time) 2572318375
set synopsys::env(time) 2631157340
set synopsys::env(time) 2690061660
set synopsys::env(time) 2749726745
set synopsys::env(time) 2807154220
set synopsys::env(time) 2866251170
set synopsys::env(time) 2925267495
set synopsys::env(time) 2980789920
set synopsys::env(time) 3037646915
set synopsys::env(time) 3094257930
set synopsys::env(time) 3151364810
set synopsys::env(time) 3207702365
set synopsys::env(time) 3264153600
set synopsys::env(time) 3375227240
set synopsys::env(time) 3431638245
set synopsys::env(time) 3488730755
set synopsys::env(time) 3546302485
set synopsys::env(time) 3603890410
set synopsys::env(time) 3661189545
set synopsys::env(time) 3717447280
set synopsys::env(time) 3773522880
set synopsys::env(time) 3829898505
set synopsys::env(time) 3886857305
set synopsys::env(time) 3944741725
set synopsys::env(time) 4001211005
set synopsys::env(time) 4058020300
set synopsys::env(time) 4114176775
set synopsys::env(time) 4170729125
set synopsys::env(time) 4227416650
set synopsys::env(time) 4284586925
set synopsys::env(time) 4341996100
set synopsys::env(time) 4397144870
set synopsys::env(time) 4452850140
set synopsys::env(time) 4508640120
set synopsys::env(time) 4562884950
set synopsys::env(time) 4618785670
set synopsys::env(time) 4675552665
set synopsys::env(time) 4732317635
set synopsys::env(time) 4788623520
set synopsys::env(time) 4844692005
set synopsys::env(time) 4901381255
set synopsys::env(time) 4958202685
set synopsys::env(time) 5014946270
set synopsys::env(time) 5071929785
set synopsys::env(time) 5128846010
set synopsys::env(time) 5183484445
set synopsys::env(time) 5240122185
set synopsys::env(time) 5297782775
set synopsys::env(time) 5354916700
set synopsys::env(time) 5410881930
set synopsys::env(time) 5466724450
set synopsys::env(time) 5522907875
set synopsys::env(time) 5579119795
set synopsys::env(time) 5635042770
set synopsys::env(time) 5691617745
set synopsys::env(time) 5746108445
set synopsys::env(time) 5802464120
set synopsys::env(time) 5857037885
set synopsys::env(time) 5911797750
set synopsys::env(time) 5966760695
set synopsys::env(time) 6021190435
set synopsys::env(time) 6075114315
set synopsys::env(time) 6129281835
set synopsys::env(time) 6184321645
set synopsys::env(time) 6238705060
set synopsys::env(time) 6291799995
set synopsys::env(time) 6346272520
set synopsys::env(time) 6401495640
set synopsys::env(time) 6456646025
set synopsys::env(time) 6511982925
set synopsys::env(time) 6567523425
set synopsys::env(time) 6622788090
set synopsys::env(time) 6678285660
set synopsys::env(time) 6731877420
set synopsys::env(time) 6787264690
set synopsys::env(time) 6842897335
set synopsys::env(time) 6898197200
set synopsys::env(time) 6953680920
set synopsys::env(time) 7009249810
set synopsys::env(time) 7064702590
set synopsys::env(time) 7119954930
set synopsys::env(time) 7175584995
set synopsys::env(time) 7229193625
set synopsys::env(time) 7284610835
set synopsys::env(time) 7340045940
set synopsys::env(time) 7395619530
set synopsys::env(time) 7451302660
set synopsys::env(time) 7506068850
set synopsys::env(time) 7561598135
set synopsys::env(time) 7617033070
set synopsys::env(time) 7670577820
set synopsys::env(time) 7726045615
set synopsys::env(time) 7781622565
set synopsys::env(time) 7837244290
set synopsys::env(time) 7892819410
set synopsys::env(time) 7948093090
set synopsys::env(time) 8003668195
set synopsys::env(time) 8059302085
set synopsys::env(time) 8113023305
set synopsys::env(time) 8168582380
set synopsys::env(time) 8224064190
set synopsys::env(time) 8279607075
set synopsys::env(time) 8335163515
set synopsys::env(time) 8390298535
set synopsys::env(time) 8445949450
set synopsys::env(time) 8501402680
set synopsys::env(time) 8556831785
set synopsys::env(time) 8610303370
set synopsys::env(time) 8665730625
set synopsys::env(time) 8721219155
set synopsys::env(time) 8776163400
set synopsys::env(time) 8832705320
set synopsys::env(time) 8890549780
set synopsys::env(time) 8948186450
set synopsys::env(time) 9005954845
set synopsys::env(time) 9064156835
set synopsys::env(time) 9119346035
set synopsys::env(time) 9175285330
set synopsys::env(time) 9230723205
set synopsys::env(time) 9286383635
set synopsys::env(time) 9341495155
set synopsys::env(time) 9396718675
set synopsys::env(time) 9452101725
set synopsys::env(time) 9507647440
set synopsys::env(time) 9565407685
set synopsys::env(time) 9621323445
set synopsys::env(time) 9679067780
set synopsys::env(time) 9736447860
set synopsys::env(time) 9793955365
set synopsys::env(time) 9851528380
set synopsys::env(time) 9909159585
set synopsys::env(time) 9967001185
set synopsys::env(time) 10024665660
set synopsys::env(time) 10079052615
set synopsys::env(time) 10135891980
set synopsys::env(time) 10193322650
set synopsys::env(time) 10251181295
set synopsys::env(time) 10308447615
set synopsys::env(time) 10366399185
set synopsys::env(time) 10424126580
set synopsys::env(time) 10481816610
set synopsys::env(time) 10539763560
set synopsys::env(time) 10595718390
set synopsys::env(time) 10653652290
set synopsys::env(time) 10711206220
set synopsys::env(time) 10768128705
set synopsys::env(time) 10824562725
set synopsys::env(time) 10880816785
set synopsys::env(time) 10936799465
set synopsys::env(time) 10992174155
set synopsys::env(time) 11045626250
set synopsys::env(time) 11100924830
set synopsys::env(time) 11156353030
set synopsys::env(time) 11211882305
set synopsys::env(time) 11267525715
set synopsys::env(time) 11323297725
set synopsys::env(time) 11379155655
set synopsys::env(time) 11434491420
set synopsys::env(time) 11488163930
set synopsys::env(time) 11543547120
set synopsys::env(time) 11599035145
set synopsys::env(time) 11655075155
set synopsys::env(time) 11710553365
set synopsys::env(time) 11765883810
set synopsys::env(time) 11820670840
set synopsys::env(time) 11875435245
set synopsys::env(time) 11930860090
set synopsys::env(time) 11984653015
set synopsys::env(time) 12039913065
set synopsys::env(time) 12093831730
set synopsys::env(time) 12149329970
set synopsys::env(time) 12204807215
set synopsys::env(time) 12260349165
set synopsys::env(time) 12315859220
set synopsys::env(time) 12371127375
set synopsys::env(time) 12426305160
set synopsys::env(time) 12480013205
set synopsys::env(time) 12535135850
set synopsys::env(time) 12590518780
set synopsys::env(time) 12645981730
set synopsys::env(time) 12701006945
set synopsys::env(time) 12756397960
set synopsys::env(time) 12811334485
set synopsys::env(time) 12866883595
set synopsys::env(time) 12924426620
set synopsys::env(time) 12980320770
set synopsys::env(time) 13038188220
set synopsys::env(time) 13096037510
set synopsys::env(time) 13152494680
set synopsys::env(time) 13208716600
set synopsys::env(time) 13264488585
set synopsys::env(time) 13320652475
set synopsys::env(time) 13377507170
set synopsys::env(time) 13434091565
set synopsys::env(time) 13489003590
set synopsys::env(time) 13545910395
set synopsys::env(time) 13601940860
set synopsys::env(time) 13658641025
set synopsys::env(time) 13714790835
set synopsys::env(time) 13771229980
set synopsys::env(time) 13827845995
set synopsys::env(time) 13884168670
set synopsys::env(time) 13940716740
set synopsys::env(time) 13997449520
set synopsys::env(time) 14056575395
set synopsys::env(time) 14113372140
set synopsys::env(time) 14172142590
set synopsys::env(time) 14231236385
set synopsys::env(time) 14290373525
set synopsys::env(time) 14349453380
set synopsys::env(time) 14408462435
set synopsys::env(time) 14467173965
set synopsys::env(time) 14526150615
set synopsys::env(time) 14585279395
set synopsys::env(time) 14643750645
set synopsys::env(time) 14702434480
set synopsys::env(time) 14759502775
set synopsys::env(time) 14818199900
set synopsys::env(time) 14876490245
set synopsys::env(time) 14935208960
set synopsys::env(time) 14994108280
set synopsys::env(time) 15053251605
set synopsys::env(time) 15111705515
set synopsys::env(time) 15170338160
set synopsys::env(time) 15227978135
set synopsys::env(time) 15286339020
set synopsys::env(time) 15344824570
set synopsys::env(time) 15400752895
set synopsys::env(time) 15459368375
set synopsys::env(time) 15519385570
set synopsys::env(time) 15578649400
set synopsys::env(time) 15636700205
set synopsys::env(time) 15695130725
set synopsys::env(time) 15753913780
set synopsys::env(time) 15812370995
set synopsys::env(time) 15870916970
set synopsys::env(time) 15927585475
set synopsys::env(time) 15985493175
set synopsys::env(time) 16044874530
set synopsys::env(time) 16104519440
set synopsys::env(time) 16163663675
set synopsys::env(time) 16222916690
set synopsys::env(time) 16281635780
set synopsys::env(time) 16340618515
set synopsys::env(time) 16399757445
set synopsys::env(time) 16458625945
set synopsys::env(time) 16517129920
set synopsys::env(time) 16574190195
set synopsys::env(time) 16633293100
set synopsys::env(time) 16694497980
set synopsys::env(time) 16754493890
set synopsys::env(time) 16812789480
set synopsys::env(time) 16871519850
set synopsys::env(time) 16931196015
set synopsys::env(time) 16992061960
set synopsys::env(time) 17053367775
set synopsys::env(time) 17114849195
set synopsys::env(time) 17175826385
set synopsys::env(time) 17234979690
set synopsys::env(time) 17296240065
set synopsys::env(time) 17356816865
set synopsys::env(time) 17415215635
set synopsys::env(time) 17473931810
set synopsys::env(time) 17532647560
set synopsys::env(time) 17591952680
set synopsys::env(time) 17651360930
set synopsys::env(time) 17709016410
set synopsys::env(time) 17765823585
set synopsys::env(time) 17821067175
set synopsys::env(time) 17878029565
set synopsys::env(time) 17934232950
set synopsys::env(time) 17990957165
set synopsys::env(time) 18047349940
set synopsys::env(time) 18103434260
set synopsys::env(time) 18159558835
set synopsys::env(time) 18215288565
set synopsys::env(time) 18272510455
set synopsys::env(time) 18328388560
set synopsys::env(time) 18383896740
set synopsys::env(time) 18441331155
set synopsys::env(time) 18502272560
set synopsys::env(time) 18562155670
set synopsys::env(time) 18621006365
set synopsys::env(time) 18682081765
set synopsys::env(time) 18742140645
set synopsys::env(time) 18800141935
set synopsys::env(time) 18860503260
set synopsys::env(time) 18917256245
set synopsys::env(time) 18973156425
set synopsys::env(time) 19027026110
set synopsys::env(time) 19082874335
set synopsys::env(time) 19139517265
set synopsys::env(time) 19199747095
set synopsys::env(time) 19260239170
set synopsys::env(time) 19320269955
set synopsys::env(time) 19380588195
set synopsys::env(time) 19440421135
set synopsys::env(time) 19494621855
set synopsys::env(time) 19547223810
set synopsys::env(time) 19599914395
set synopsys::env(time) 19650636420
set synopsys::env(time) 19703132275
set synopsys::env(time) 19755771355
set synopsys::env(time) 19808432270
set synopsys::env(time) 19861085765
set synopsys::env(time) 19919922015
set synopsys::env(time) 19982315425
set synopsys::env(time) 20044761040
set synopsys::env(time) 20106966825
set synopsys::env(time) 20169500875
set synopsys::env(time) 20230643490
set synopsys::env(time) 20291070665
set synopsys::env(time) 20352108110
set synopsys::env(time) 20414778340
set synopsys::env(time) 20476645935
set synopsys::env(time) 20539258315
set synopsys::env(time) 20602054150
set synopsys::env(time) 20661009195
set synopsys::env(time) 20723075830
set synopsys::env(time) 20784742675
set synopsys::env(time) 20847032445
set synopsys::env(time) 20909221065
set synopsys::env(time) 20967053150
set synopsys::env(time) 21029458820
set synopsys::env(time) 21091342850
set synopsys::env(time) 21153495330
set synopsys::env(time) 21215696925
set synopsys::env(time) 21275273225
set synopsys::env(time) 21336104880
set synopsys::env(time) 21397629875
set synopsys::env(time) 21460165795
set synopsys::env(time) 21522459805
set synopsys::env(time) 21582872785
set synopsys::env(time) 21644960150
set synopsys::env(time) 21706521645
set synopsys::env(time) 21768749250
set synopsys::env(time) 21831113595
set synopsys::env(time) 21893005085
set synopsys::env(time) 21954427720
set synopsys::env(time) 22015542695
set synopsys::env(time) 22076710720
set synopsys::env(time) 22136993850
set synopsys::env(time) 22198173950
set synopsys::env(time) 22257190805
set synopsys::env(time) 22318599400
set synopsys::env(time) 22379745670
set synopsys::env(time) 22440753155
set synopsys::env(time) 22501774200
set synopsys::env(time) 22562562815
set synopsys::env(time) 22622754735
set synopsys::env(time) 22683893490
set synopsys::env(time) 22744854630
set synopsys::env(time) 22803339465
set synopsys::env(time) 22864318325
set synopsys::env(time) 22924778660
set synopsys::env(time) 22985987495
set synopsys::env(time) 23046795370
set synopsys::env(time) 23108056035
set synopsys::env(time) 23168780340
set synopsys::env(time) 23229933120
set synopsys::env(time) 23291458670
set synopsys::env(time) 23353885355
set synopsys::env(time) 23415442555
set synopsys::env(time) 23479271930
set synopsys::env(time) 23543138555
set synopsys::env(time) 23607261165
set synopsys::env(time) 23670757620
set synopsys::env(time) 23734504590
set synopsys::env(time) 23798809480
set synopsys::env(time) 23861385415
set synopsys::env(time) 23920688635
set synopsys::env(time) 23982065755
set synopsys::env(time) 24046588555
set synopsys::env(time) 24110065165
set synopsys::env(time) 24169503265
set synopsys::env(time) 24229775365
set synopsys::env(time) 24290068150
set synopsys::env(time) 24350323390
set synopsys::env(time) 24410528585
set synopsys::env(time) 24472517905
set synopsys::env(time) 24536010525
set synopsys::env(time) 24598089640
set synopsys::env(time) 24661531150
set synopsys::env(time) 24723843495
set synopsys::env(time) 24787201125
set synopsys::env(time) 24848420840
set synopsys::env(time) 24910958875
set synopsys::env(time) 24973583640
set synopsys::env(time) 25036603770
set synopsys::env(time) 25099476275
set synopsys::env(time) 25162275450
set synopsys::env(time) 25224503095
set synopsys::env(time) 25287380655
set synopsys::env(time) 25348072110
set synopsys::env(time) 25410926755
set synopsys::env(time) 25473972755
set synopsys::env(time) 25536935385
set synopsys::env(time) 25599633370
set synopsys::env(time) 25662368550
set synopsys::env(time) 25725235745
set synopsys::env(time) 25788140225
set synopsys::env(time) 25848877645
set synopsys::env(time) 25911645555
set synopsys::env(time) 25974518765
set synopsys::env(time) 26037374685
set synopsys::env(time) 26100289980
set synopsys::env(time) 26163184115
set synopsys::env(time) 26226091380
set synopsys::env(time) 26288958380
set synopsys::env(time) 26351686370
set synopsys::env(time) 26412413090
set synopsys::env(time) 26475316050
set synopsys::env(time) 26538047980
set synopsys::env(time) 26600852350
set synopsys::env(time) 26663773405
set synopsys::env(time) 26726689010
set synopsys::env(time) 26789567735
set synopsys::env(time) 26852255900
set synopsys::env(time) 26915207190
set synopsys::env(time) 26975967795
set synopsys::env(time) 27038762080
set synopsys::env(time) 27101652750
set synopsys::env(time) 27162013965
set synopsys::env(time) 27224750625
set synopsys::env(time) 27287599345
set synopsys::env(time) 27350516015
set synopsys::env(time) 27413317635
set synopsys::env(time) 27476243380
set synopsys::env(time) 27537007650
set synopsys::env(time) 27599864635
set synopsys::env(time) 27661061255
set synopsys::env(time) 27723920515
set synopsys::env(time) 27786685035
set synopsys::env(time) 27848784625
set synopsys::env(time) 27911610045
set synopsys::env(time) 27974510000
set synopsys::env(time) 28035377160
set synopsys::env(time) 28098180315
set synopsys::env(time) 28159852490
set synopsys::env(time) 28219797500
set synopsys::env(time) 28279779825
set synopsys::env(time) 28339863200
set synopsys::env(time) 28399918910
set synopsys::env(time) 28459029340
set synopsys::env(time) 28518763210
set synopsys::env(time) 28576930420
set synopsys::env(time) 28637038835
set synopsys::env(time) 28697061830
set synopsys::env(time) 28756963585
set synopsys::env(time) 28816858745
set synopsys::env(time) 28876900870
set synopsys::env(time) 28936964850
set synopsys::env(time) 28997177610
set synopsys::env(time) 29055279370
set synopsys::env(time) 29115332165
set synopsys::env(time) 29175579055
set synopsys::env(time) 29235858200
set synopsys::env(time) 29295938375
set synopsys::env(time) 29356053385
set synopsys::env(time) 29416142205
set synopsys::env(time) 29476393170
set synopsys::env(time) 29536640025
set synopsys::env(time) 29594875205
set synopsys::env(time) 29655056775
set synopsys::env(time) 29715192620
set synopsys::env(time) 29775403425
set synopsys::env(time) 29835552975
set synopsys::env(time) 29895677135
set synopsys::env(time) 29955929740
set synopsys::env(time) 30015749970
set synopsys::env(time) 30075085875
set synopsys::env(time) 30133373710
set synopsys::env(time) 30193730195
set synopsys::env(time) 30253634890
set synopsys::env(time) 30312320730
set synopsys::env(time) 30372935885
set synopsys::env(time) 30432975680
set synopsys::env(time) 30493097715
set synopsys::env(time) 30553518715
set synopsys::env(time) 30613622630
set synopsys::env(time) 30671936810
set synopsys::env(time) 30732368680
set synopsys::env(time) 30789326020
set synopsys::env(time) 30844856310
set synopsys::env(time) 30900687385
set synopsys::env(time) 30957084035
set synopsys::env(time) 31012565345
set synopsys::env(time) 31067939135
set synopsys::env(time) 31121555030
set synopsys::env(time) 31176070320
set synopsys::env(time) 31231037245
set synopsys::env(time) 31286708460
set synopsys::env(time) 31342247635
set synopsys::env(time) 31397479065
set synopsys::env(time) 31452853450
set synopsys::env(time) 31507831650
set synopsys::env(time) 31563284160
set synopsys::env(time) 31618560505
set synopsys::env(time) 31673053845
set synopsys::env(time) 31730228380
set synopsys::env(time) 31788100105
set synopsys::env(time) 31844566345
set synopsys::env(time) 31899891130
set synopsys::env(time) 31955148870
set synopsys::env(time) 32009922035
set synopsys::env(time) 32065255380
set synopsys::env(time) 32118973610
set synopsys::env(time) 32175280600
set synopsys::env(time) 32232422750
set synopsys::env(time) 32290156820
set synopsys::env(time) 32347703130
set synopsys::env(time) 32405364730
set synopsys::env(time) 32462952595
set synopsys::env(time) 32520187995
set synopsys::env(time) 32578123985
set synopsys::env(time) 32634043015
set synopsys::env(time) 32691759935
set synopsys::env(time) 32749404240
set synopsys::env(time) 32807307560
set synopsys::env(time) 32864980405
set synopsys::env(time) 32922890260
set synopsys::env(time) 32980704070
set synopsys::env(time) 33038751560
set synopsys::env(time) 33094555750
set synopsys::env(time) 33149928615
set synopsys::env(time) 33207958985
set synopsys::env(time) 33265971340
set synopsys::env(time) 33323687775
set synopsys::env(time) 33381461720
set synopsys::env(time) 33439113335
set synopsys::env(time) 33496617170
set synopsys::env(time) 33554253615
set synopsys::env(time) 33610152170
set synopsys::env(time) 33667962550
set synopsys::env(time) 33725516530
set synopsys::env(time) 33783287740
set synopsys::env(time) 33840750535
set synopsys::env(time) 33897452720
set synopsys::env(time) 33956875700
set synopsys::env(time) 34017106605
set synopsys::env(time) 34075877880
set synopsys::env(time) 34136113080
set synopsys::env(time) 34196903190
set synopsys::env(time) 34257556985
set synopsys::env(time) 34318108190
set synopsys::env(time) 34378740930
set synopsys::env(time) 34439319625
set synopsys::env(time) 34499200150
set synopsys::env(time) 34559613140
set synopsys::env(time) 34618162445
set synopsys::env(time) 34678758165
set synopsys::env(time) 34739329035
set synopsys::env(time) 34799745230
set synopsys::env(time) 34860203190
set synopsys::env(time) 34920702985
set synopsys::env(time) 34981246560
set synopsys::env(time) 35041651700
set synopsys::env(time) 35102078050
set synopsys::env(time) 35157790505
set synopsys::env(time) 35215536810
set synopsys::env(time) 35273469625
set synopsys::env(time) 35331045175
set synopsys::env(time) 35388484365
set synopsys::env(time) 35445853885
set synopsys::env(time) 35503630130
set synopsys::env(time) 35561282020
set synopsys::env(time) 35617734830
set synopsys::env(time) 35677957480
set synopsys::env(time) 35738594445
set synopsys::env(time) 35801323940
set synopsys::env(time) 35864301105
set synopsys::env(time) 35925126030
set synopsys::env(time) 35987358970
set synopsys::env(time) 36049664025
set synopsys::env(time) 36110787070
set synopsys::env(time) 36172641065
set synopsys::env(time) 36235572845
set synopsys::env(time) 36298240680
set synopsys::env(time) 36359024300
set synopsys::env(time) 36421918775
set synopsys::env(time) 36484922035
set synopsys::env(time) 36547864630
set synopsys::env(time) 36610953260
set synopsys::env(time) 36673960900
set synopsys::env(time) 36736879625
set synopsys::env(time) 36799216605
set synopsys::env(time) 36862084655
set synopsys::env(time) 36922886090
set synopsys::env(time) 36985794835
set synopsys::env(time) 37048855555
set synopsys::env(time) 37111879900
set synopsys::env(time) 37174924235
set synopsys::env(time) 37237893020
set synopsys::env(time) 37300738395
set synopsys::env(time) 37363702030
set synopsys::env(time) 37426760160
set synopsys::env(time) 37487746105
set synopsys::env(time) 37550720165
set synopsys::env(time) 37613571765
set synopsys::env(time) 37676594710
set synopsys::env(time) 37739369260
set synopsys::env(time) 37799565710
set synopsys::env(time) 37859771755
set synopsys::env(time) 37919816945
set synopsys::env(time) 37977958575
set synopsys::env(time) 38038179810
set synopsys::env(time) 38098352045
set synopsys::env(time) 38158375725
set synopsys::env(time) 38218449730
set synopsys::env(time) 38278507175
set synopsys::env(time) 38338710905
set synopsys::env(time) 38398627715
set synopsys::env(time) 38458848605
set synopsys::env(time) 38516869330
set synopsys::env(time) 38577274115
set synopsys::env(time) 38637295725
set synopsys::env(time) 38697644560
set synopsys::env(time) 38757861885
set synopsys::env(time) 38817916760
set synopsys::env(time) 38877722910
set synopsys::env(time) 38937353335
set synopsys::env(time) 38997201905
set synopsys::env(time) 39054353830
set synopsys::env(time) 39113478420
set synopsys::env(time) 39172408430
set synopsys::env(time) 39231722975
set synopsys::env(time) 39293594145
set synopsys::env(time) 39355025705
set synopsys::env(time) 39415543755
set synopsys::env(time) 39476276125
set synopsys::env(time) 39535039880
set synopsys::env(time) 39590363095
set synopsys::env(time) 39644053885
set synopsys::env(time) 39701290485
set synopsys::env(time) 39761526535
set synopsys::env(time) 39822217205
set synopsys::env(time) 39882685745
set synopsys::env(time) 39943034485
set synopsys::env(time) 40003381435
set synopsys::env(time) 40061715885
set synopsys::env(time) 40122079350
set synopsys::env(time) 40182580890
set synopsys::env(time) 40243164010
set synopsys::env(time) 40303752960
set synopsys::env(time) 40364322305
set synopsys::env(time) 40427154375
set synopsys::env(time) 40490203215
set synopsys::env(time) 40549633120
set synopsys::env(time) 40610221745
set synopsys::env(time) 40670829225
set synopsys::env(time) 40731484615
set synopsys::env(time) 40791992045
set synopsys::env(time) 40852328770
set synopsys::env(time) 40911970220
set synopsys::env(time) 40971929095
set synopsys::env(time) 41032546375
set synopsys::env(time) 41091062025
set synopsys::env(time) 41151631590
set synopsys::env(time) 41212344995
set synopsys::env(time) 41272809580
set synopsys::env(time) 41333318380
set synopsys::env(time) 41393972140
set synopsys::env(time) 41454551960
set synopsys::env(time) 41515010155
set synopsys::env(time) 41573586390
set synopsys::env(time) 41633539145
set synopsys::env(time) 41693718595
set synopsys::env(time) 41754374230
set synopsys::env(time) 41815198575
set synopsys::env(time) 41875671705
set synopsys::env(time) 41936128965
set synopsys::env(time) 41995982990
set synopsys::env(time) 42056425340
set synopsys::env(time) 42114820320
set synopsys::env(time) 42175526535
set synopsys::env(time) 42236238445
set synopsys::env(time) 42297009200
set synopsys::env(time) 42357774760
set synopsys::env(time) 42418486355
set synopsys::env(time) 42479396010
set synopsys::env(time) 42539932280
set synopsys::env(time) 42598479625
set synopsys::env(time) 42659062535
set synopsys::env(time) 42719580980
set synopsys::env(time) 42779996275
set synopsys::env(time) 42840858050
set synopsys::env(time) 42901288870
set synopsys::env(time) 42961291620
set synopsys::env(time) 43022044710
set synopsys::env(time) 43082524370
set synopsys::env(time) 43141145120
set synopsys::env(time) 43201508675
set synopsys::env(time) 43261932580
set synopsys::env(time) 43322383345
set synopsys::env(time) 43382786060
set synopsys::env(time) 43443391055
set synopsys::env(time) 43504063925
set synopsys::env(time) 43564681975
set synopsys::env(time) 43625162365
set synopsys::env(time) 43683574870
set synopsys::env(time) 43744113695
set synopsys::env(time) 43804415480
set synopsys::env(time) 43865836985
set synopsys::env(time) 43927984830
set synopsys::env(time) 43988005795
set synopsys::env(time) 44047979245
set synopsys::env(time) 44108100100
set synopsys::env(time) 44168037820
set synopsys::env(time) 44226142865
set synopsys::env(time) 44286224400
set synopsys::env(time) 44346237695
set synopsys::env(time) 44406611950
set synopsys::env(time) 44469573855
set synopsys::env(time) 44531838905
set synopsys::env(time) 44594443280
set synopsys::env(time) 44655569420
set synopsys::env(time) 44716922465
set synopsys::env(time) 44776619125
set synopsys::env(time) 44838133485
set synopsys::env(time) 44899656940
set synopsys::env(time) 44961096150
set synopsys::env(time) 45022813195
set synopsys::env(time) 45084062435
set synopsys::env(time) 45145198500
set synopsys::env(time) 45206512985
set synopsys::env(time) 45268029490
set synopsys::env(time) 45327604195
set synopsys::env(time) 45389058320
set synopsys::env(time) 45451561405
set synopsys::env(time) 45514450100
set synopsys::env(time) 45577452015
set synopsys::env(time) 45640486700
set synopsys::env(time) 45703340610
set synopsys::env(time) 45766157710
set synopsys::env(time) 45826923360
set synopsys::env(time) 45889884805
set synopsys::env(time) 45952910365
set synopsys::env(time) 46015705470
set synopsys::env(time) 46076438015
set synopsys::env(time) 46136557660
set synopsys::env(time) 46196652030
set synopsys::env(time) 46256775755
set synopsys::env(time) 46316819795
set synopsys::env(time) 46376532290
set synopsys::env(time) 46438768925
set synopsys::env(time) 46501444310
set synopsys::env(time) 46564399415
set synopsys::env(time) 46627377480
set synopsys::env(time) 46690353115
set synopsys::env(time) 46753303510
set synopsys::env(time) 46816268350
set synopsys::env(time) 46879295790
set synopsys::env(time) 46942235005
set synopsys::env(time) 47003178000
set synopsys::env(time) 47066218480
set synopsys::env(time) 47129201590
set synopsys::env(time) 47192217880
set synopsys::env(time) 47254054410
set synopsys::env(time) 47317018925
set synopsys::env(time) 47380057225
set synopsys::env(time) 47443043040
set synopsys::env(time) 47506099310
set synopsys::env(time) 47566999675
set synopsys::env(time) 47629998480
set synopsys::env(time) 47692903490
set synopsys::env(time) 47755765135
set synopsys::env(time) 47818750700
set synopsys::env(time) 47881704810
set synopsys::env(time) 47944520005
set synopsys::env(time) 48007356590
set synopsys::env(time) 48070192360
set synopsys::env(time) 48130922845
set synopsys::env(time) 48193463675
set synopsys::env(time) 48256324260
set synopsys::env(time) 48319096575
set synopsys::env(time) 48382107615
set synopsys::env(time) 48444835400
set synopsys::env(time) 48507713995
set synopsys::env(time) 48570842095
set synopsys::env(time) 48631624975
set synopsys::env(time) 48694569235
set synopsys::env(time) 48757669410
set synopsys::env(time) 48820773135
set synopsys::env(time) 48883847225
set synopsys::env(time) 48946614775
set synopsys::env(time) 49009639840
set synopsys::env(time) 49072669835
set synopsys::env(time) 49135584950
set synopsys::env(time) 49196381325
set synopsys::env(time) 49259327315
set synopsys::env(time) 49322306325
set synopsys::env(time) 49385375345
set synopsys::env(time) 49511405350
set synopsys::env(time) 49574388185
set synopsys::env(time) 49637295185
set synopsys::env(time) 49700143045
set synopsys::env(time) 49760883445
set synopsys::env(time) 49823817530
set synopsys::env(time) 49886611055
set synopsys::env(time) 49949507875
set synopsys::env(time) 50012478300
set synopsys::env(time) 50075410505
set synopsys::env(time) 50138210750
set synopsys::env(time) 50201138500
set synopsys::env(time) 50264134805
set synopsys::env(time) 50325005260
set synopsys::env(time) 50387866635
set synopsys::env(time) 50450900225
set synopsys::env(time) 50513878160
set synopsys::env(time) 50576885895
set synopsys::env(time) 50639948505
set synopsys::env(time) 50702912895
set synopsys::env(time) 50765873840
set synopsys::env(time) 50828626205
set synopsys::env(time) 50952240690
set synopsys::env(time) 51015041275
set synopsys::env(time) 51077939570
set synopsys::env(time) 51140755265
set synopsys::env(time) 51203645995
set synopsys::env(time) 51266500740
set synopsys::env(time) 51329178915
set synopsys::env(time) 51392117735
set synopsys::env(time) 51452935820
set synopsys::env(time) 51515771580
set synopsys::env(time) 51577426490
set synopsys::env(time) 51640362845
set synopsys::env(time) 51703280970
set synopsys::env(time) 51766003455
set synopsys::env(time) 51828831150
set synopsys::env(time) 51891598460
set synopsys::env(time) 51952250405
set synopsys::env(time) 52015183115
set synopsys::env(time) 52078069100
set synopsys::env(time) 52140874565
set synopsys::env(time) 52203307135
set synopsys::env(time) 52266042230
set synopsys::env(time) 52329024580
set synopsys::env(time) 52392039850
set synopsys::env(time) 52455049485
set synopsys::env(time) 52516028160
set synopsys::env(time) 52579103210
set synopsys::env(time) 52642133320
set synopsys::env(time) 52704959825
set synopsys::env(time) 52767782740
set synopsys::env(time) 52830835090
set synopsys::env(time) 52894037795
set synopsys::env(time) 52957142000
set synopsys::env(time) 53020322170
set synopsys::env(time) 53081318990
set synopsys::env(time) 53144275675
set synopsys::env(time) 53207314320
set synopsys::env(time) 53270192180
set synopsys::env(time) 53333098810
set synopsys::env(time) 53396093820
set synopsys::env(time) 53459243170
set synopsys::env(time) 53522287410
set synopsys::env(time) 53585529070
set synopsys::env(time) 53646527775
set synopsys::env(time) 53709600085
set synopsys::env(time) 53772585395
set synopsys::env(time) 53834632185
set synopsys::env(time) 53897876025
set synopsys::env(time) 53961147910
set synopsys::env(time) 54024359320
set synopsys::env(time) 54085516505
set synopsys::env(time) 54146690940
set synopsys::env(time) 54209886200
set synopsys::env(time) 54272914730
set synopsys::env(time) 54336155365
set synopsys::env(time) 54399412935
set synopsys::env(time) 54462723295
set synopsys::env(time) 54525871040
set synopsys::env(time) 54589027655
set synopsys::env(time) 54652282330
set synopsys::env(time) 54712471730
set synopsys::env(time) 54772676290
set synopsys::env(time) 54832791785
set synopsys::env(time) 54893129170
set synopsys::env(time) 54953389620
set synopsys::env(time) 55013771945
set synopsys::env(time) 55074243070
set synopsys::env(time) 55134560720
set synopsys::env(time) 55194956285
set synopsys::env(time) 55253401795
set synopsys::env(time) 55313809405
set synopsys::env(time) 55374008900
set synopsys::env(time) 55434399285
set synopsys::env(time) 55496838680
set synopsys::env(time) 55558682015
set synopsys::env(time) 55621807080
set synopsys::env(time) 55685013870
set synopsys::env(time) 55748228990
set synopsys::env(time) 55809217870
set synopsys::env(time) 55872338110
set synopsys::env(time) 55935403905
set synopsys::env(time) 55998431845
set synopsys::env(time) 56061342170
set synopsys::env(time) 56124480185
set synopsys::env(time) 56187555080
set synopsys::env(time) 56250530545
set synopsys::env(time) 56310254780
set synopsys::env(time) 56373384560
set synopsys::env(time) 56436419810
set synopsys::env(time) 56499408230
set synopsys::env(time) 56562706950
set synopsys::env(time) 56625990795
set synopsys::env(time) 56682612940
set synopsys::env(time) 56745824615
set synopsys::env(time) 56809057890
set synopsys::env(time) 56870154355
set synopsys::env(time) 56933373570
set synopsys::env(time) 56996606715
set synopsys::env(time) 57059830615
set synopsys::env(time) 57123054850
set synopsys::env(time) 57186206330
set synopsys::env(time) 57249070005
set synopsys::env(time) 57312080455
set synopsys::env(time) 57375199250
set synopsys::env(time) 57436211780
set synopsys::env(time) 57499275590
set synopsys::env(time) 57562449255
set synopsys::env(time) 57625445055
set synopsys::env(time) 57688346950
set synopsys::env(time) 57736910935
set synopsys::env(time) 57798698855
set synopsys::env(time) 57861956935
set synopsys::env(time) 57925184240
set synopsys::env(time) 57986381770
set synopsys::env(time) 58049602825
set synopsys::env(time) 58112815945
set synopsys::env(time) 58176034900
set synopsys::env(time) 58239207075
set synopsys::env(time) 58302424375
set synopsys::env(time) 58365643925
set synopsys::env(time) 58428831900
set synopsys::env(time) 58492021990
set synopsys::env(time) 58552990820
set synopsys::env(time) 58616228105
set synopsys::env(time) 58679346240
set synopsys::env(time) 58742537645
set synopsys::env(time) 58805718185
set synopsys::env(time) 58868927870
set synopsys::env(time) 58932000345
set synopsys::env(time) 58995286410
set synopsys::env(time) 59058421470
set synopsys::env(time) 59119511155
set synopsys::env(time) 59182723525
set synopsys::env(time) 59246046240
set synopsys::env(time) 59309233735
set synopsys::env(time) 59372357115
set synopsys::env(time) 59435535950
set synopsys::env(time) 59498809540
set synopsys::env(time) 59561973440
set synopsys::env(time) 59625040995
set synopsys::env(time) 59686056675
set synopsys::env(time) 59749377820
set synopsys::env(time) 59812504305
set synopsys::env(time) 59875811910
set synopsys::env(time) 59939044790
set synopsys::env(time) 60002203790
set synopsys::env(time) 60065359755
set synopsys::env(time) 60128493135
set synopsys::env(time) 60189609770
set synopsys::env(time) 60252756430
set synopsys::env(time) 60315925185
set synopsys::env(time) 60379244610
set synopsys::env(time) 60442370320
set synopsys::env(time) 60505384505
set synopsys::env(time) 60566331740
set synopsys::env(time) 60629287580
set synopsys::env(time) 60696607625
set synopsys::env(time) 60761461760
set synopsys::env(time) 60827592845
set synopsys::env(time) 60894265145
set synopsys::env(time) 60960976850
set synopsys::env(time) 61023778170
set synopsys::env(time) 61084941715
set synopsys::env(time) 61146164385
set synopsys::env(time) 61204463450
set synopsys::env(time) 61262530200
