16:22:56    16 -->                                                             [tcl] ucliGUI::connect -toolargs -ucligui -toolexe ./simv -pid 160625 -toolin /tmp/vcs_20180406202252_160624_cdgu..stdin -toolout /tmp/vcs_20180406202252_160624_cdgu..stdout  
16:22:56    17 -->                                                                 [tcl] set ucliGUI::state
16:22:56    18 -->                                                                     [tcl] gui_update_simulator_buttons
16:22:58    19 -->                                                                         [tcl] set ucliGUI::state
16:22:58    20 -->                                                                             [tcl] ucliCore::getToolPID
16:22:58    21 -->                                                                                 [tcl] synopsys::env hasTB
16:22:58    22 -->                                                                                     [tcl] trigger_hier_stack_context_switch 0
16:22:58    23 -->                                                                                         [tcl] synUtils::setDVEInitPhase 1
16:22:58    24 -->                                                                                             [tcl] gui_get_env SIMSETUP::SIMVPD
16:22:58    25 --> ...  [tcl] synopsys::dump -type VPD -file /afs/ece.cmu.edu/usr/cdgu/Private/18240/Labs/Lab5/inter.vpd -locking
16:22:58    26 --> ...      [tcl] synopsys::dump -autoflush on -fid VPD0
16:22:58    27 --> ...          [tcl] set ::dve_fid VPD0
16:22:58    28 --> ...              [tcl] synUtils::setDVEInitPhase 0
16:22:58    29 --> ...                  [tcl] ucliCore::getToolPID
16:22:58    30 --> ...                      [tcl] synUtils::sendTool -active _icl_setToolSocket /tmp/smlnptLJNv6
16:22:58    31 --> ...                          [tcl] synUtils::sendTool -active {_icl_start_rpc -version "J-2014.12-SP3-1_Full64" -sync_file /tmp/vcs_dve_rpc.cdgu.160625}
16:22:58    32 --> ...                              [tcl] synUtils::sendTool -active {_icl_createSharedMemory /tmp/vcs_dve_general.cdgu.160625}
16:22:58    33 --> ...                                  [tcl] dveMisc::vbusExpand dFlipFlop
16:22:58    34 --> ...                                      [tcl] config endofsim noexit
16:22:58    35 --> ...                                          [tcl] config onfail enable all
16:22:58    36 --> ...                                              [tcl] config syscaddplainmembers
16:22:58    37 --> ...                                                  [tcl] config syscaddsourcenames
16:22:58    38 --> ...                                                      [tcl] config syscaddstructtypes
16:22:58    39 --> ...                                                          [tcl] synopsys::listing -disable
16:23:00    40 --> ...                                                              [tcl] dveMisc::vbusExpand testLab5
16:23:21    41 --> ...                                                                  [tcl] synopsys::dump -add {testLab5.CoinInserted testLab5.CoinValue testLab5.GameWon testLab5.GradeIt testLab5.Guess testLab5.LoadShape testLab5.LoadShapeNow testLab5.NumGames testLab5.RoundNumber testLab5.ShapeLocation testLab5.StartGame testLab5.Znarly testLab5.Zood testLab5.clock testLab5.debug testLab5.reset } -aggregates  -fid VPD0
16:23:23    42 --> ...                                                                      [tcl] synopsys::run
16:23:23    43 --> ...                                                                          [tcl] set ucliGUI::state
16:23:23    44 --> ...                                                                              [tcl] set ucliGUI::state
16:23:24    45 --> ...                                                                                  [tcl] gui_update_simulator_buttons
16:23:27    46 --> ...                                                                                      [tcl] set synopsys::env(time) 55209480
16:23:30    47 --> ...                                                                                          [tcl] set synopsys::env(time) 109007445
16:23:33    48 --> ...                                                                                              [tcl] set synopsys::env(time) 164980595
16:23:35    49 --> ...                                                                                                  [tcl] set synopsys::env(time) 221538205
16:23:39    50 --> ...  [tcl] set synopsys::env(time) 280227215
16:23:41    51 --> ...      [tcl] set synopsys::env(time) 335946305
16:23:45    52 --> ...          [tcl] set synopsys::env(time) 391960695
16:23:48    53 --> ...              [tcl] set synopsys::env(time) 447752970
16:23:51    54 --> ...                  [tcl] set synopsys::env(time) 504037480
16:23:54    55 --> ...                      [tcl] set synopsys::env(time) 562713625
16:23:57    56 --> ...                          [tcl] set synopsys::env(time) 621601420
16:24:00    57 --> ...                              [tcl] set synopsys::env(time) 680872945
16:24:03    58 --> ...                                  [tcl] set synopsys::env(time) 739653870
16:24:06    59 --> ...                                      [tcl] set synopsys::env(time) 799122965
16:24:09    60 --> ...                                          [tcl] set synopsys::env(time) 858323720
16:24:11    61 --> ...                                              [tcl] set synopsys::env(time) 914965105
16:24:14    62 --> ...                                                  [tcl] set synopsys::env(time) 974304865
16:24:18    63 --> ...                                                      [tcl] set synopsys::env(time) 1033373710
16:24:21    64 --> ...                                                          [tcl] set synopsys::env(time) 1092139060
16:24:24    65 --> ...                                                              [tcl] set synopsys::env(time) 1150492035
16:24:27    66 --> ...                                                                  [tcl] set synopsys::env(time) 1209739930
16:24:30    67 --> ...                                                                      [tcl] set synopsys::env(time) 1267622420
16:24:33    68 --> ...                                                                          [tcl] set synopsys::env(time) 1319717615
16:24:36    69 --> ...                                                                              [tcl] set synopsys::env(time) 1372176570
16:24:39    70 --> ...                                                                                  [tcl] set synopsys::env(time) 1424452170
16:24:42    71 --> ...                                                                                      [tcl] set synopsys::env(time) 1476643805
16:24:44    72 --> ...                                                                                          [tcl] set synopsys::env(time) 1526912025
16:24:47    73 --> ...                                                                                              [tcl] set synopsys::env(time) 1578864990
16:24:51    74 --> ...                                                                                                  [tcl] set synopsys::env(time) 1631278420
16:24:54    75 --> ...  [tcl] set synopsys::env(time) 1687485280
16:24:57    76 --> ...      [tcl] set synopsys::env(time) 1747817915
16:25:00    77 --> ...          [tcl] set synopsys::env(time) 1808185075
16:25:03    78 --> ...              [tcl] set synopsys::env(time) 1868297725
16:25:06    79 --> ...                  [tcl] set synopsys::env(time) 1927266875
16:25:09    80 --> ...                      [tcl] set synopsys::env(time) 1986038530
16:25:12    81 --> ...                          [tcl] set synopsys::env(time) 2044994745
16:25:15    82 --> ...                              [tcl] set synopsys::env(time) 2104040310
16:25:17    83 --> ...                                  [tcl] set synopsys::env(time) 2161133740
16:25:20    84 --> ...                                      [tcl] set synopsys::env(time) 2220244090
16:25:24    85 --> ...                                          [tcl] set synopsys::env(time) 2279500650
16:25:27    86 --> ...                                              [tcl] set synopsys::env(time) 2338320140
16:25:30    87 --> ...                                                  [tcl] set synopsys::env(time) 2397345260
16:25:33    88 --> ...                                                      [tcl] set synopsys::env(time) 2455595645
16:25:36    89 --> ...                                                          [tcl] set synopsys::env(time) 2513673705
16:25:39    90 --> ...                                                              [tcl] set synopsys::env(time) 2572318375
16:25:42    91 --> ...                                                                  [tcl] set synopsys::env(time) 2631157340
16:25:45    92 --> ...                                                                      [tcl] set synopsys::env(time) 2690061660
16:25:48    93 --> ...                                                                          [tcl] set synopsys::env(time) 2749726745
16:25:50    94 --> ...                                                                              [tcl] set synopsys::env(time) 2807154220
16:25:53    95 --> ...                                                                                  [tcl] set synopsys::env(time) 2866251170
16:25:57    96 --> ...                                                                                      [tcl] set synopsys::env(time) 2925267495
16:26:00    97 --> ...                                                                                          [tcl] set synopsys::env(time) 2980789920
16:26:03    98 --> ...                                                                                              [tcl] set synopsys::env(time) 3037646915
16:26:06    99 --> ...                                                                                                  [tcl] set synopsys::env(time) 3094257930
16:26:09    100 --> ...  [tcl] set synopsys::env(time) 3151364810
16:26:12    101 --> ...      [tcl] set synopsys::env(time) 3207702365
16:26:15    102 --> ...          [tcl] set synopsys::env(time) 3264153600
16:26:20    103 --> ...              [tcl] set synopsys::env(time) 3375227240
16:26:23    104 --> ...                  [tcl] set synopsys::env(time) 3431638245
16:26:27    105 --> ...                      [tcl] set synopsys::env(time) 3488730755
16:26:30    106 --> ...                          [tcl] set synopsys::env(time) 3546302485
16:26:33    107 --> ...                              [tcl] set synopsys::env(time) 3603890410
16:26:36    108 --> ...                                  [tcl] set synopsys::env(time) 3661189545
16:26:39    109 --> ...                                      [tcl] set synopsys::env(time) 3717447280
16:26:42    110 --> ...                                          [tcl] set synopsys::env(time) 3773522880
16:26:45    111 --> ...                                              [tcl] set synopsys::env(time) 3829898505
16:26:48    112 --> ...                                                  [tcl] set synopsys::env(time) 3886857305
16:26:51    113 --> ...                                                      [tcl] set synopsys::env(time) 3944741725
16:26:53    114 --> ...                                                          [tcl] set synopsys::env(time) 4001211005
16:26:56    115 --> ...                                                              [tcl] set synopsys::env(time) 4058020300
16:27:00    116 --> ...                                                                  [tcl] set synopsys::env(time) 4114176775
16:27:03    117 --> ...                                                                      [tcl] set synopsys::env(time) 4170729125
16:27:06    118 --> ...                                                                          [tcl] set synopsys::env(time) 4227416650
16:27:09    119 --> ...                                                                              [tcl] set synopsys::env(time) 4284586925
16:27:12    120 --> ...                                                                                  [tcl] set synopsys::env(time) 4341996100
16:27:15    121 --> ...                                                                                      [tcl] set synopsys::env(time) 4397144870
16:27:18    122 --> ...                                                                                          [tcl] set synopsys::env(time) 4452850140
16:27:21    123 --> ...                                                                                              [tcl] set synopsys::env(time) 4508640120
16:27:23    124 --> ...                                                                                                  [tcl] set synopsys::env(time) 4562884950
16:27:26    125 --> ...  [tcl] set synopsys::env(time) 4618785670
16:27:30    126 --> ...      [tcl] set synopsys::env(time) 4675552665
16:27:33    127 --> ...          [tcl] set synopsys::env(time) 4732317635
16:27:36    128 --> ...              [tcl] set synopsys::env(time) 4788623520
16:27:39    129 --> ...                  [tcl] set synopsys::env(time) 4844692005
16:27:42    130 --> ...                      [tcl] set synopsys::env(time) 4901381255
16:27:45    131 --> ...                          [tcl] set synopsys::env(time) 4958202685
16:27:48    132 --> ...                              [tcl] set synopsys::env(time) 5014946270
16:27:51    133 --> ...                                  [tcl] set synopsys::env(time) 5071929785
16:27:54    134 --> ...                                      [tcl] set synopsys::env(time) 5128846010
16:27:56    135 --> ...                                          [tcl] set synopsys::env(time) 5183484445
16:28:00    136 --> ...                                              [tcl] set synopsys::env(time) 5240122185
16:28:03    137 --> ...                                                  [tcl] set synopsys::env(time) 5297782775
16:28:06    138 --> ...                                                      [tcl] set synopsys::env(time) 5354916700
16:28:09    139 --> ...                                                          [tcl] set synopsys::env(time) 5410881930
16:28:12    140 --> ...                                                              [tcl] set synopsys::env(time) 5466724450
16:28:15    141 --> ...                                                                  [tcl] set synopsys::env(time) 5522907875
16:28:18    142 --> ...                                                                      [tcl] set synopsys::env(time) 5579119795
16:28:21    143 --> ...                                                                          [tcl] set synopsys::env(time) 5635042770
16:28:24    144 --> ...                                                                              [tcl] set synopsys::env(time) 5691617745
16:28:26    145 --> ...                                                                                  [tcl] set synopsys::env(time) 5746108445
16:28:29    146 --> ...                                                                                      [tcl] set synopsys::env(time) 5802464120
16:28:33    147 --> ...                                                                                          [tcl] set synopsys::env(time) 5857037885
16:28:36    148 --> ...                                                                                              [tcl] set synopsys::env(time) 5911797750
16:28:39    149 --> ...                                                                                                  [tcl] set synopsys::env(time) 5966760695
16:28:42    150 --> ...  [tcl] set synopsys::env(time) 6021190435
16:28:45    151 --> ...      [tcl] set synopsys::env(time) 6075114315
16:28:48    152 --> ...          [tcl] set synopsys::env(time) 6129281835
16:28:51    153 --> ...              [tcl] set synopsys::env(time) 6184321645
16:28:54    154 --> ...                  [tcl] set synopsys::env(time) 6238705060
16:28:56    155 --> ...                      [tcl] set synopsys::env(time) 6291799995
16:29:00    156 --> ...                          [tcl] set synopsys::env(time) 6346272520
16:29:03    157 --> ...                              [tcl] set synopsys::env(time) 6401495640
16:29:06    158 --> ...                                  [tcl] set synopsys::env(time) 6456646025
16:29:09    159 --> ...                                      [tcl] set synopsys::env(time) 6511982925
16:29:12    160 --> ...                                          [tcl] set synopsys::env(time) 6567523425
16:29:15    161 --> ...                                              [tcl] set synopsys::env(time) 6622788090
16:29:18    162 --> ...                                                  [tcl] set synopsys::env(time) 6678285660
16:29:20    163 --> ...                                                      [tcl] set synopsys::env(time) 6731877420
16:29:23    164 --> ...                                                          [tcl] set synopsys::env(time) 6787264690
16:29:27    165 --> ...                                                              [tcl] set synopsys::env(time) 6842897335
16:29:30    166 --> ...                                                                  [tcl] set synopsys::env(time) 6898197200
16:29:33    167 --> ...                                                                      [tcl] set synopsys::env(time) 6953680920
16:29:36    168 --> ...                                                                          [tcl] set synopsys::env(time) 7009249810
16:29:39    169 --> ...                                                                              [tcl] set synopsys::env(time) 7064702590
16:29:42    170 --> ...                                                                                  [tcl] set synopsys::env(time) 7119954930
16:29:45    171 --> ...                                                                                      [tcl] set synopsys::env(time) 7175584995
16:29:47    172 --> ...                                                                                          [tcl] set synopsys::env(time) 7229193625
16:29:51    173 --> ...                                                                                              [tcl] set synopsys::env(time) 7284610835
16:29:54    174 --> ...                                                                                                  [tcl] set synopsys::env(time) 7340045940
16:29:57    175 --> ...  [tcl] set synopsys::env(time) 7395619530
16:30:00    176 --> ...      [tcl] set synopsys::env(time) 7451302660
16:30:03    177 --> ...          [tcl] set synopsys::env(time) 7506068850
16:30:06    178 --> ...              [tcl] set synopsys::env(time) 7561598135
16:30:09    179 --> ...                  [tcl] set synopsys::env(time) 7617033070
16:30:11    180 --> ...                      [tcl] set synopsys::env(time) 7670577820
16:30:15    181 --> ...                          [tcl] set synopsys::env(time) 7726045615
16:30:18    182 --> ...                              [tcl] set synopsys::env(time) 7781622565
16:30:21    183 --> ...                                  [tcl] set synopsys::env(time) 7837244290
16:30:24    184 --> ...                                      [tcl] set synopsys::env(time) 7892819410
16:30:27    185 --> ...                                          [tcl] set synopsys::env(time) 7948093090
16:30:30    186 --> ...                                              [tcl] set synopsys::env(time) 8003668195
16:30:33    187 --> ...                                                  [tcl] set synopsys::env(time) 8059302085
16:30:35    188 --> ...                                                      [tcl] set synopsys::env(time) 8113023305
16:30:38    189 --> ...                                                          [tcl] set synopsys::env(time) 8168582380
16:30:42    190 --> ...                                                              [tcl] set synopsys::env(time) 8224064190
16:30:45    191 --> ...                                                                  [tcl] set synopsys::env(time) 8279607075
16:30:48    192 --> ...                                                                      [tcl] set synopsys::env(time) 8335163515
16:30:51    193 --> ...                                                                          [tcl] set synopsys::env(time) 8390298535
16:30:54    194 --> ...                                                                              [tcl] set synopsys::env(time) 8445949450
16:30:57    195 --> ...                                                                                  [tcl] set synopsys::env(time) 8501402680
16:31:00    196 --> ...                                                                                      [tcl] set synopsys::env(time) 8556831785
16:31:02    197 --> ...                                                                                          [tcl] set synopsys::env(time) 8610303370
16:31:06    198 --> ...                                                                                              [tcl] set synopsys::env(time) 8665730625
16:31:09    199 --> ...                                                                                                  [tcl] set synopsys::env(time) 8721219155
16:31:12    200 --> ...  [tcl] set synopsys::env(time) 8776163400
16:31:15    201 --> ...      [tcl] set synopsys::env(time) 8832705320
16:31:18    202 --> ...          [tcl] set synopsys::env(time) 8890549780
16:31:21    203 --> ...              [tcl] set synopsys::env(time) 8948186450
16:31:24    204 --> ...                  [tcl] set synopsys::env(time) 9005954845
16:31:27    205 --> ...                      [tcl] set synopsys::env(time) 9064156835
16:31:29    206 --> ...                          [tcl] set synopsys::env(time) 9119346035
16:31:32    207 --> ...                              [tcl] set synopsys::env(time) 9175285330
16:31:36    208 --> ...                                  [tcl] set synopsys::env(time) 9230723205
16:31:39    209 --> ...                                      [tcl] set synopsys::env(time) 9286383635
16:31:42    210 --> ...                                          [tcl] set synopsys::env(time) 9341495155
16:31:45    211 --> ...                                              [tcl] set synopsys::env(time) 9396718675
16:31:48    212 --> ...                                                  [tcl] set synopsys::env(time) 9452101725
16:31:51    213 --> ...                                                      [tcl] set synopsys::env(time) 9507647440
16:31:54    214 --> ...                                                          [tcl] set synopsys::env(time) 9565407685
16:31:56    215 --> ...                                                              [tcl] set synopsys::env(time) 9621323445
16:32:00    216 --> ...                                                                  [tcl] set synopsys::env(time) 9679067780
16:32:03    217 --> ...                                                                      [tcl] set synopsys::env(time) 9736447860
16:32:06    218 --> ...                                                                          [tcl] set synopsys::env(time) 9793955365
16:32:09    219 --> ...                                                                              [tcl] set synopsys::env(time) 9851528380
16:32:12    220 --> ...                                                                                  [tcl] set synopsys::env(time) 9909159585
16:32:15    221 --> ...                                                                                      [tcl] set synopsys::env(time) 9967001185
16:32:18    222 --> ...                                                                                          [tcl] set synopsys::env(time) 10024665660
16:32:20    223 --> ...                                                                                              [tcl] set synopsys::env(time) 10079052615
16:32:23    224 --> ...                                                                                                  [tcl] set synopsys::env(time) 10135891980
16:32:27    225 --> ...  [tcl] set synopsys::env(time) 10193322650
16:32:30    226 --> ...      [tcl] set synopsys::env(time) 10251181295
16:32:33    227 --> ...          [tcl] set synopsys::env(time) 10308447615
16:32:36    228 --> ...              [tcl] set synopsys::env(time) 10366399185
16:32:39    229 --> ...                  [tcl] set synopsys::env(time) 10424126580
16:32:42    230 --> ...                      [tcl] set synopsys::env(time) 10481816610
16:32:45    231 --> ...                          [tcl] set synopsys::env(time) 10539763560
16:32:47    232 --> ...                              [tcl] set synopsys::env(time) 10595718390
16:32:51    233 --> ...                                  [tcl] set synopsys::env(time) 10653652290
16:32:54    234 --> ...                                      [tcl] set synopsys::env(time) 10711206220
16:32:57    235 --> ...                                          [tcl] set synopsys::env(time) 10768128705
16:33:00    236 --> ...                                              [tcl] set synopsys::env(time) 10824562725
16:33:03    237 --> ...                                                  [tcl] set synopsys::env(time) 10880816785
16:33:06    238 --> ...                                                      [tcl] set synopsys::env(time) 10936799465
16:33:09    239 --> ...                                                          [tcl] set synopsys::env(time) 10992174155
16:33:11    240 --> ...                                                              [tcl] set synopsys::env(time) 11045626250
16:33:14    241 --> ...                                                                  [tcl] set synopsys::env(time) 11100924830
16:33:18    242 --> ...                                                                      [tcl] set synopsys::env(time) 11156353030
16:33:21    243 --> ...                                                                          [tcl] set synopsys::env(time) 11211882305
16:33:24    244 --> ...                                                                              [tcl] set synopsys::env(time) 11267525715
16:33:27    245 --> ...                                                                                  [tcl] set synopsys::env(time) 11323297725
16:33:30    246 --> ...                                                                                      [tcl] set synopsys::env(time) 11379155655
16:33:33    247 --> ...                                                                                          [tcl] set synopsys::env(time) 11434491420
16:33:35    248 --> ...                                                                                              [tcl] set synopsys::env(time) 11488163930
16:33:38    249 --> ...                                                                                                  [tcl] set synopsys::env(time) 11543547120
16:33:42    250 --> ...  [tcl] set synopsys::env(time) 11599035145
16:33:45    251 --> ...      [tcl] set synopsys::env(time) 11655075155
16:33:48    252 --> ...          [tcl] set synopsys::env(time) 11710553365
16:33:51    253 --> ...              [tcl] set synopsys::env(time) 11765883810
16:33:54    254 --> ...                  [tcl] set synopsys::env(time) 11820670840
16:33:57    255 --> ...                      [tcl] set synopsys::env(time) 11875435245
16:34:00    256 --> ...                          [tcl] set synopsys::env(time) 11930860090
16:34:02    257 --> ...                              [tcl] set synopsys::env(time) 11984653015
16:34:05    258 --> ...                                  [tcl] set synopsys::env(time) 12039913065
16:34:09    259 --> ...                                      [tcl] set synopsys::env(time) 12093831730
16:34:12    260 --> ...                                          [tcl] set synopsys::env(time) 12149329970
16:34:15    261 --> ...                                              [tcl] set synopsys::env(time) 12204807215
16:34:18    262 --> ...                                                  [tcl] set synopsys::env(time) 12260349165
16:34:21    263 --> ...                                                      [tcl] set synopsys::env(time) 12315859220
16:34:24    264 --> ...                                                          [tcl] set synopsys::env(time) 12371127375
16:34:27    265 --> ...                                                              [tcl] set synopsys::env(time) 12426305160
16:34:29    266 --> ...                                                                  [tcl] set synopsys::env(time) 12480013205
16:34:32    267 --> ...                                                                      [tcl] set synopsys::env(time) 12535135850
16:34:36    268 --> ...                                                                          [tcl] set synopsys::env(time) 12590518780
16:34:39    269 --> ...                                                                              [tcl] set synopsys::env(time) 12645981730
16:34:42    270 --> ...                                                                                  [tcl] set synopsys::env(time) 12701006945
16:34:45    271 --> ...                                                                                      [tcl] set synopsys::env(time) 12756397960
16:34:48    272 --> ...                                                                                          [tcl] set synopsys::env(time) 12811334485
16:34:51    273 --> ...                                                                                              [tcl] set synopsys::env(time) 12866883595
16:34:54    274 --> ...                                                                                                  [tcl] set synopsys::env(time) 12924426620
16:34:56    275 --> ...  [tcl] set synopsys::env(time) 12980320770
16:34:59    276 --> ...      [tcl] set synopsys::env(time) 13038188220
16:35:03    277 --> ...          [tcl] set synopsys::env(time) 13096037510
16:35:06    278 --> ...              [tcl] set synopsys::env(time) 13152494680
16:35:09    279 --> ...                  [tcl] set synopsys::env(time) 13208716600
16:35:12    280 --> ...                      [tcl] set synopsys::env(time) 13264488585
16:35:15    281 --> ...                          [tcl] set synopsys::env(time) 13320652475
16:35:18    282 --> ...                              [tcl] set synopsys::env(time) 13377507170
16:35:21    283 --> ...                                  [tcl] set synopsys::env(time) 13434091565
16:35:23    284 --> ...                                      [tcl] set synopsys::env(time) 13489003590
16:35:26    285 --> ...                                          [tcl] set synopsys::env(time) 13545910395
16:35:30    286 --> ...                                              [tcl] set synopsys::env(time) 13601940860
16:35:33    287 --> ...                                                  [tcl] set synopsys::env(time) 13658641025
16:35:36    288 --> ...                                                      [tcl] set synopsys::env(time) 13714790835
16:35:39    289 --> ...                                                          [tcl] set synopsys::env(time) 13771229980
16:35:42    290 --> ...                                                              [tcl] set synopsys::env(time) 13827845995
16:35:45    291 --> ...                                                                  [tcl] set synopsys::env(time) 13884168670
16:35:48    292 --> ...                                                                      [tcl] set synopsys::env(time) 13940716740
16:35:51    293 --> ...                                                                          [tcl] set synopsys::env(time) 13997449520
16:35:54    294 --> ...                                                                              [tcl] set synopsys::env(time) 14056575395
16:35:56    295 --> ...                                                                                  [tcl] set synopsys::env(time) 14113372140
16:35:59    296 --> ...                                                                                      [tcl] set synopsys::env(time) 14172142590
16:36:03    297 --> ...                                                                                          [tcl] set synopsys::env(time) 14231236385
16:36:06    298 --> ...                                                                                              [tcl] set synopsys::env(time) 14290373525
16:36:09    299 --> ...                                                                                                  [tcl] set synopsys::env(time) 14349453380
16:36:12    300 --> ...  [tcl] set synopsys::env(time) 14408462435
16:36:15    301 --> ...      [tcl] set synopsys::env(time) 14467173965
16:36:18    302 --> ...          [tcl] set synopsys::env(time) 14526150615
16:36:21    303 --> ...              [tcl] set synopsys::env(time) 14585279395
16:36:24    304 --> ...                  [tcl] set synopsys::env(time) 14643750645
16:36:27    305 --> ...                      [tcl] set synopsys::env(time) 14702434480
16:36:29    306 --> ...                          [tcl] set synopsys::env(time) 14759502775
16:36:32    307 --> ...                              [tcl] set synopsys::env(time) 14818199900
16:36:36    308 --> ...                                  [tcl] set synopsys::env(time) 14876490245
16:36:39    309 --> ...                                      [tcl] set synopsys::env(time) 14935208960
16:36:42    310 --> ...                                          [tcl] set synopsys::env(time) 14994108280
16:36:45    311 --> ...                                              [tcl] set synopsys::env(time) 15053251605
16:36:48    312 --> ...                                                  [tcl] set synopsys::env(time) 15111705515
16:36:51    313 --> ...                                                      [tcl] set synopsys::env(time) 15170338160
16:36:54    314 --> ...                                                          [tcl] set synopsys::env(time) 15227978135
16:36:57    315 --> ...                                                              [tcl] set synopsys::env(time) 15286339020
16:37:00    316 --> ...                                                                  [tcl] set synopsys::env(time) 15344824570
16:37:02    317 --> ...                                                                      [tcl] set synopsys::env(time) 15400752895
16:37:06    318 --> ...                                                                          [tcl] set synopsys::env(time) 15459368375
16:37:09    319 --> ...                                                                              [tcl] set synopsys::env(time) 15519385570
16:37:12    320 --> ...                                                                                  [tcl] set synopsys::env(time) 15578649400
16:37:15    321 --> ...                                                                                      [tcl] set synopsys::env(time) 15636700205
16:37:18    322 --> ...                                                                                          [tcl] set synopsys::env(time) 15695130725
16:37:21    323 --> ...                                                                                              [tcl] set synopsys::env(time) 15753913780
16:37:24    324 --> ...                                                                                                  [tcl] set synopsys::env(time) 15812370995
16:37:27    325 --> ...  [tcl] set synopsys::env(time) 15870916970
16:37:29    326 --> ...      [tcl] set synopsys::env(time) 15927585475
16:37:32    327 --> ...          [tcl] set synopsys::env(time) 15985493175
16:37:36    328 --> ...              [tcl] set synopsys::env(time) 16044874530
16:37:39    329 --> ...                  [tcl] set synopsys::env(time) 16104519440
16:37:42    330 --> ...                      [tcl] set synopsys::env(time) 16163663675
16:37:45    331 --> ...                          [tcl] set synopsys::env(time) 16222916690
16:37:48    332 --> ...                              [tcl] set synopsys::env(time) 16281635780
16:37:51    333 --> ...                                  [tcl] set synopsys::env(time) 16340618515
16:37:54    334 --> ...                                      [tcl] set synopsys::env(time) 16399757445
16:37:57    335 --> ...                                          [tcl] set synopsys::env(time) 16458625945
16:38:00    336 --> ...                                              [tcl] set synopsys::env(time) 16517129920
16:38:02    337 --> ...                                                  [tcl] set synopsys::env(time) 16574190195
16:38:05    338 --> ...                                                      [tcl] set synopsys::env(time) 16633293100
16:38:09    339 --> ...                                                          [tcl] set synopsys::env(time) 16694497980
16:38:12    340 --> ...                                                              [tcl] set synopsys::env(time) 16754493890
16:38:15    341 --> ...                                                                  [tcl] set synopsys::env(time) 16812789480
16:38:18    342 --> ...                                                                      [tcl] set synopsys::env(time) 16871519850
16:38:21    343 --> ...                                                                          [tcl] set synopsys::env(time) 16931196015
16:38:24    344 --> ...                                                                              [tcl] set synopsys::env(time) 16992061960
16:38:27    345 --> ...                                                                                  [tcl] set synopsys::env(time) 17053367775
16:38:30    346 --> ...                                                                                      [tcl] set synopsys::env(time) 17114849195
16:38:33    347 --> ...                                                                                          [tcl] set synopsys::env(time) 17175826385
16:38:35    348 --> ...                                                                                              [tcl] set synopsys::env(time) 17234979690
16:38:39    349 --> ...                                                                                                  [tcl] set synopsys::env(time) 17296240065
16:38:42    350 --> ...  [tcl] set synopsys::env(time) 17356816865
16:38:45    351 --> ...      [tcl] set synopsys::env(time) 17415215635
16:38:48    352 --> ...          [tcl] set synopsys::env(time) 17473931810
16:38:51    353 --> ...              [tcl] set synopsys::env(time) 17532647560
16:38:54    354 --> ...                  [tcl] set synopsys::env(time) 17591952680
16:38:57    355 --> ...                      [tcl] set synopsys::env(time) 17651360930
16:39:00    356 --> ...                          [tcl] set synopsys::env(time) 17709016410
16:39:03    357 --> ...                              [tcl] set synopsys::env(time) 17765823585
16:39:05    358 --> ...                                  [tcl] set synopsys::env(time) 17821067175
16:39:09    359 --> ...                                      [tcl] set synopsys::env(time) 17878029565
16:39:12    360 --> ...                                          [tcl] set synopsys::env(time) 17934232950
16:39:15    361 --> ...                                              [tcl] set synopsys::env(time) 17990957165
16:39:18    362 --> ...                                                  [tcl] set synopsys::env(time) 18047349940
16:39:21    363 --> ...                                                      [tcl] set synopsys::env(time) 18103434260
16:39:24    364 --> ...                                                          [tcl] set synopsys::env(time) 18159558835
16:39:27    365 --> ...                                                              [tcl] set synopsys::env(time) 18215288565
16:39:30    366 --> ...                                                                  [tcl] set synopsys::env(time) 18272510455
16:39:33    367 --> ...                                                                      [tcl] set synopsys::env(time) 18328388560
16:39:35    368 --> ...                                                                          [tcl] set synopsys::env(time) 18383896740
16:39:38    369 --> ...                                                                              [tcl] set synopsys::env(time) 18441331155
16:39:42    370 --> ...                                                                                  [tcl] set synopsys::env(time) 18502272560
16:39:45    371 --> ...                                                                                      [tcl] set synopsys::env(time) 18562155670
16:39:48    372 --> ...                                                                                          [tcl] set synopsys::env(time) 18621006365
16:39:51    373 --> ...                                                                                              [tcl] set synopsys::env(time) 18682081765
16:39:54    374 --> ...                                                                                                  [tcl] set synopsys::env(time) 18742140645
16:39:57    375 --> ...  [tcl] set synopsys::env(time) 18800141935
16:40:00    376 --> ...      [tcl] set synopsys::env(time) 18860503260
16:40:03    377 --> ...          [tcl] set synopsys::env(time) 18917256245
16:40:06    378 --> ...              [tcl] set synopsys::env(time) 18973156425
16:40:08    379 --> ...                  [tcl] set synopsys::env(time) 19027026110
16:40:11    380 --> ...                      [tcl] set synopsys::env(time) 19082874335
16:40:15    381 --> ...                          [tcl] set synopsys::env(time) 19139517265
16:40:18    382 --> ...                              [tcl] set synopsys::env(time) 19199747095
16:40:21    383 --> ...                                  [tcl] set synopsys::env(time) 19260239170
16:40:24    384 --> ...                                      [tcl] set synopsys::env(time) 19320269955
16:40:27    385 --> ...                                          [tcl] set synopsys::env(time) 19380588195
16:40:30    386 --> ...                                              [tcl] set synopsys::env(time) 19440421135
16:40:33    387 --> ...                                                  [tcl] set synopsys::env(time) 19494621855
16:40:36    388 --> ...                                                      [tcl] set synopsys::env(time) 19547223810
16:40:39    389 --> ...                                                          [tcl] set synopsys::env(time) 19599914395
16:40:41    390 --> ...                                                              [tcl] set synopsys::env(time) 19650636420
16:40:45    391 --> ...                                                                  [tcl] set synopsys::env(time) 19703132275
16:40:48    392 --> ...                                                                      [tcl] set synopsys::env(time) 19755771355
16:40:51    393 --> ...                                                                          [tcl] set synopsys::env(time) 19808432270
16:40:54    394 --> ...                                                                              [tcl] set synopsys::env(time) 19861085765
16:40:57    395 --> ...                                                                                  [tcl] set synopsys::env(time) 19919922015
16:41:00    396 --> ...                                                                                      [tcl] set synopsys::env(time) 19982315425
16:41:03    397 --> ...                                                                                          [tcl] set synopsys::env(time) 20044761040
16:41:06    398 --> ...                                                                                              [tcl] set synopsys::env(time) 20106966825
16:41:09    399 --> ...                                                                                                  [tcl] set synopsys::env(time) 20169500875
16:41:12    400 --> ...  [tcl] set synopsys::env(time) 20230643490
16:41:14    401 --> ...      [tcl] set synopsys::env(time) 20291070665
16:41:18    402 --> ...          [tcl] set synopsys::env(time) 20352108110
16:41:21    403 --> ...              [tcl] set synopsys::env(time) 20414778340
16:41:24    404 --> ...                  [tcl] set synopsys::env(time) 20476645935
16:41:27    405 --> ...                      [tcl] set synopsys::env(time) 20539258315
16:41:30    406 --> ...                          [tcl] set synopsys::env(time) 20602054150
16:41:33    407 --> ...                              [tcl] set synopsys::env(time) 20661009195
16:41:36    408 --> ...                                  [tcl] set synopsys::env(time) 20723075830
16:41:39    409 --> ...                                      [tcl] set synopsys::env(time) 20784742675
16:41:42    410 --> ...                                          [tcl] set synopsys::env(time) 20847032445
16:41:45    411 --> ...                                              [tcl] set synopsys::env(time) 20909221065
16:41:47    412 --> ...                                                  [tcl] set synopsys::env(time) 20967053150
16:41:51    413 --> ...                                                      [tcl] set synopsys::env(time) 21029458820
16:41:54    414 --> ...                                                          [tcl] set synopsys::env(time) 21091342850
16:41:57    415 --> ...                                                              [tcl] set synopsys::env(time) 21153495330
16:42:00    416 --> ...                                                                  [tcl] set synopsys::env(time) 21215696925
16:42:03    417 --> ...                                                                      [tcl] set synopsys::env(time) 21275273225
16:42:06    418 --> ...                                                                          [tcl] set synopsys::env(time) 21336104880
16:42:09    419 --> ...                                                                              [tcl] set synopsys::env(time) 21397629875
16:42:12    420 --> ...                                                                                  [tcl] set synopsys::env(time) 21460165795
16:42:15    421 --> ...                                                                                      [tcl] set synopsys::env(time) 21522459805
16:42:17    422 --> ...                                                                                          [tcl] set synopsys::env(time) 21582872785
16:42:20    423 --> ...                                                                                              [tcl] set synopsys::env(time) 21644960150
16:42:24    424 --> ...                                                                                                  [tcl] set synopsys::env(time) 21706521645
16:42:27    425 --> ...  [tcl] set synopsys::env(time) 21768749250
16:42:30    426 --> ...      [tcl] set synopsys::env(time) 21831113595
16:42:33    427 --> ...          [tcl] set synopsys::env(time) 21893005085
16:42:36    428 --> ...              [tcl] set synopsys::env(time) 21954427720
16:42:39    429 --> ...                  [tcl] set synopsys::env(time) 22015542695
16:42:42    430 --> ...                      [tcl] set synopsys::env(time) 22076710720
16:42:45    431 --> ...                          [tcl] set synopsys::env(time) 22136993850
16:42:48    432 --> ...                              [tcl] set synopsys::env(time) 22198173950
16:42:50    433 --> ...                                  [tcl] set synopsys::env(time) 22257190805
16:42:54    434 --> ...                                      [tcl] set synopsys::env(time) 22318599400
16:42:57    435 --> ...                                          [tcl] set synopsys::env(time) 22379745670
16:43:00    436 --> ...                                              [tcl] set synopsys::env(time) 22440753155
16:43:03    437 --> ...                                                  [tcl] set synopsys::env(time) 22501774200
16:43:06    438 --> ...                                                      [tcl] set synopsys::env(time) 22562562815
16:43:09    439 --> ...                                                          [tcl] set synopsys::env(time) 22622754735
16:43:12    440 --> ...                                                              [tcl] set synopsys::env(time) 22683893490
16:43:15    441 --> ...                                                                  [tcl] set synopsys::env(time) 22744854630
16:43:17    442 --> ...                                                                      [tcl] set synopsys::env(time) 22803339465
16:43:20    443 --> ...                                                                          [tcl] set synopsys::env(time) 22864318325
16:43:24    444 --> ...                                                                              [tcl] set synopsys::env(time) 22924778660
16:43:27    445 --> ...                                                                                  [tcl] set synopsys::env(time) 22985987495
16:43:30    446 --> ...                                                                                      [tcl] set synopsys::env(time) 23046795370
16:43:33    447 --> ...                                                                                          [tcl] set synopsys::env(time) 23108056035
16:43:36    448 --> ...                                                                                              [tcl] set synopsys::env(time) 23168780340
16:43:39    449 --> ...                                                                                                  [tcl] set synopsys::env(time) 23229933120
16:43:42    450 --> ...  [tcl] set synopsys::env(time) 23291458670
16:43:45    451 --> ...      [tcl] set synopsys::env(time) 23353885355
16:43:47    452 --> ...          [tcl] set synopsys::env(time) 23415442555
16:43:50    453 --> ...              [tcl] set synopsys::env(time) 23479271930
16:43:54    454 --> ...                  [tcl] set synopsys::env(time) 23543138555
16:43:57    455 --> ...                      [tcl] set synopsys::env(time) 23607261165
16:44:00    456 --> ...                          [tcl] set synopsys::env(time) 23670757620
16:44:03    457 --> ...                              [tcl] set synopsys::env(time) 23734504590
16:44:06    458 --> ...                                  [tcl] set synopsys::env(time) 23798809480
16:44:09    459 --> ...                                      [tcl] set synopsys::env(time) 23861385415
16:44:12    460 --> ...                                          [tcl] set synopsys::env(time) 23920688635
16:44:15    461 --> ...                                              [tcl] set synopsys::env(time) 23982065755
16:44:18    462 --> ...                                                  [tcl] set synopsys::env(time) 24046588555
16:44:21    463 --> ...                                                      [tcl] set synopsys::env(time) 24110065165
16:44:23    464 --> ...                                                          [tcl] set synopsys::env(time) 24169503265
16:44:27    465 --> ...                                                              [tcl] set synopsys::env(time) 24229775365
16:44:30    466 --> ...                                                                  [tcl] set synopsys::env(time) 24290068150
16:44:33    467 --> ...                                                                      [tcl] set synopsys::env(time) 24350323390
16:44:36    468 --> ...                                                                          [tcl] set synopsys::env(time) 24410528585
16:44:39    469 --> ...                                                                              [tcl] set synopsys::env(time) 24472517905
16:44:42    470 --> ...                                                                                  [tcl] set synopsys::env(time) 24536010525
16:44:45    471 --> ...                                                                                      [tcl] set synopsys::env(time) 24598089640
16:44:48    472 --> ...                                                                                          [tcl] set synopsys::env(time) 24661531150
16:44:50    473 --> ...                                                                                              [tcl] set synopsys::env(time) 24723843495
16:44:53    474 --> ...                                                                                                  [tcl] set synopsys::env(time) 24787201125
16:44:57    475 --> ...  [tcl] set synopsys::env(time) 24848420840
16:45:00    476 --> ...      [tcl] set synopsys::env(time) 24910958875
16:45:03    477 --> ...          [tcl] set synopsys::env(time) 24973583640
16:45:06    478 --> ...              [tcl] set synopsys::env(time) 25036603770
16:45:09    479 --> ...                  [tcl] set synopsys::env(time) 25099476275
16:45:12    480 --> ...                      [tcl] set synopsys::env(time) 25162275450
16:45:15    481 --> ...                          [tcl] set synopsys::env(time) 25224503095
16:45:18    482 --> ...                              [tcl] set synopsys::env(time) 25287380655
16:45:20    483 --> ...                                  [tcl] set synopsys::env(time) 25348072110
16:45:24    484 --> ...                                      [tcl] set synopsys::env(time) 25410926755
16:45:27    485 --> ...                                          [tcl] set synopsys::env(time) 25473972755
16:45:30    486 --> ...                                              [tcl] set synopsys::env(time) 25536935385
16:45:33    487 --> ...                                                  [tcl] set synopsys::env(time) 25599633370
16:45:36    488 --> ...                                                      [tcl] set synopsys::env(time) 25662368550
16:45:39    489 --> ...                                                          [tcl] set synopsys::env(time) 25725235745
16:45:42    490 --> ...                                                              [tcl] set synopsys::env(time) 25788140225
16:45:44    491 --> ...                                                                  [tcl] set synopsys::env(time) 25848877645
16:45:47    492 --> ...                                                                      [tcl] set synopsys::env(time) 25911645555
16:45:51    493 --> ...                                                                          [tcl] set synopsys::env(time) 25974518765
16:45:54    494 --> ...                                                                              [tcl] set synopsys::env(time) 26037374685
16:45:57    495 --> ...                                                                                  [tcl] set synopsys::env(time) 26100289980
16:46:00    496 --> ...                                                                                      [tcl] set synopsys::env(time) 26163184115
16:46:03    497 --> ...                                                                                          [tcl] set synopsys::env(time) 26226091380
16:46:06    498 --> ...                                                                                              [tcl] set synopsys::env(time) 26288958380
16:46:09    499 --> ...                                                                                                  [tcl] set synopsys::env(time) 26351686370
16:46:11    500 --> ...  [tcl] set synopsys::env(time) 26412413090
16:46:14    501 --> ...      [tcl] set synopsys::env(time) 26475316050
16:46:18    502 --> ...          [tcl] set synopsys::env(time) 26538047980
16:46:21    503 --> ...              [tcl] set synopsys::env(time) 26600852350
16:46:24    504 --> ...                  [tcl] set synopsys::env(time) 26663773405
16:46:27    505 --> ...                      [tcl] set synopsys::env(time) 26726689010
16:46:30    506 --> ...                          [tcl] set synopsys::env(time) 26789567735
16:46:33    507 --> ...                              [tcl] set synopsys::env(time) 26852255900
16:46:36    508 --> ...                                  [tcl] set synopsys::env(time) 26915207190
16:46:38    509 --> ...                                      [tcl] set synopsys::env(time) 26975967795
16:46:42    510 --> ...                                          [tcl] set synopsys::env(time) 27038762080
16:46:45    511 --> ...                                              [tcl] set synopsys::env(time) 27101652750
16:46:48    512 --> ...                                                  [tcl] set synopsys::env(time) 27162013965
16:46:51    513 --> ...                                                      [tcl] set synopsys::env(time) 27224750625
16:46:54    514 --> ...                                                          [tcl] set synopsys::env(time) 27287599345
16:46:57    515 --> ...                                                              [tcl] set synopsys::env(time) 27350516015
16:47:00    516 --> ...                                                                  [tcl] set synopsys::env(time) 27413317635
16:47:03    517 --> ...                                                                      [tcl] set synopsys::env(time) 27476243380
16:47:05    518 --> ...                                                                          [tcl] set synopsys::env(time) 27537007650
16:47:09    519 --> ...                                                                              [tcl] set synopsys::env(time) 27599864635
16:47:12    520 --> ...                                                                                  [tcl] set synopsys::env(time) 27661061255
16:47:15    521 --> ...                                                                                      [tcl] set synopsys::env(time) 27723920515
16:47:18    522 --> ...                                                                                          [tcl] set synopsys::env(time) 27786685035
16:47:21    523 --> ...                                                                                              [tcl] set synopsys::env(time) 27848784625
16:47:24    524 --> ...                                                                                                  [tcl] set synopsys::env(time) 27911610045
16:47:27    525 --> ...  [tcl] set synopsys::env(time) 27974510000
16:47:29    526 --> ...      [tcl] set synopsys::env(time) 28035377160
16:47:32    527 --> ...          [tcl] set synopsys::env(time) 28098180315
16:47:36    528 --> ...              [tcl] set synopsys::env(time) 28159852490
16:47:39    529 --> ...                  [tcl] set synopsys::env(time) 28219797500
16:47:42    530 --> ...                      [tcl] set synopsys::env(time) 28279779825
16:47:45    531 --> ...                          [tcl] set synopsys::env(time) 28339863200
16:47:48    532 --> ...                              [tcl] set synopsys::env(time) 28399918910
16:47:51    533 --> ...                                  [tcl] set synopsys::env(time) 28459029340
16:47:54    534 --> ...                                      [tcl] set synopsys::env(time) 28518763210
16:47:56    535 --> ...                                          [tcl] set synopsys::env(time) 28576930420
16:48:00    536 --> ...                                              [tcl] set synopsys::env(time) 28637038835
16:48:03    537 --> ...                                                  [tcl] set synopsys::env(time) 28697061830
16:48:06    538 --> ...                                                      [tcl] set synopsys::env(time) 28756963585
16:48:09    539 --> ...                                                          [tcl] set synopsys::env(time) 28816858745
16:48:12    540 --> ...                                                              [tcl] set synopsys::env(time) 28876900870
16:48:15    541 --> ...                                                                  [tcl] set synopsys::env(time) 28936964850
16:48:18    542 --> ...                                                                      [tcl] set synopsys::env(time) 28997177610
16:48:20    543 --> ...                                                                          [tcl] set synopsys::env(time) 29055279370
16:48:23    544 --> ...                                                                              [tcl] set synopsys::env(time) 29115332165
16:48:27    545 --> ...                                                                                  [tcl] set synopsys::env(time) 29175579055
16:48:30    546 --> ...                                                                                      [tcl] set synopsys::env(time) 29235858200
16:48:33    547 --> ...                                                                                          [tcl] set synopsys::env(time) 29295938375
16:48:36    548 --> ...                                                                                              [tcl] set synopsys::env(time) 29356053385
16:48:39    549 --> ...                                                                                                  [tcl] set synopsys::env(time) 29416142205
16:48:42    550 --> ...  [tcl] set synopsys::env(time) 29476393170
16:48:45    551 --> ...      [tcl] set synopsys::env(time) 29536640025
16:48:47    552 --> ...          [tcl] set synopsys::env(time) 29594875205
16:48:51    553 --> ...              [tcl] set synopsys::env(time) 29655056775
16:48:54    554 --> ...                  [tcl] set synopsys::env(time) 29715192620
16:48:57    555 --> ...                      [tcl] set synopsys::env(time) 29775403425
16:49:00    556 --> ...                          [tcl] set synopsys::env(time) 29835552975
16:49:03    557 --> ...                              [tcl] set synopsys::env(time) 29895677135
16:49:06    558 --> ...                                  [tcl] set synopsys::env(time) 29955929740
16:49:09    559 --> ...                                      [tcl] set synopsys::env(time) 30015749970
16:49:12    560 --> ...                                          [tcl] set synopsys::env(time) 30075085875
16:49:14    561 --> ...                                              [tcl] set synopsys::env(time) 30133373710
16:49:18    562 --> ...                                                  [tcl] set synopsys::env(time) 30193730195
16:49:21    563 --> ...                                                      [tcl] set synopsys::env(time) 30253634890
16:49:24    564 --> ...                                                          [tcl] set synopsys::env(time) 30312320730
16:49:27    565 --> ...                                                              [tcl] set synopsys::env(time) 30372935885
16:49:30    566 --> ...                                                                  [tcl] set synopsys::env(time) 30432975680
16:49:33    567 --> ...                                                                      [tcl] set synopsys::env(time) 30493097715
16:49:36    568 --> ...                                                                          [tcl] set synopsys::env(time) 30553518715
16:49:39    569 --> ...                                                                              [tcl] set synopsys::env(time) 30613622630
16:49:41    570 --> ...                                                                                  [tcl] set synopsys::env(time) 30671936810
16:49:45    571 --> ...                                                                                      [tcl] set synopsys::env(time) 30732368680
16:49:48    572 --> ...                                                                                          [tcl] set synopsys::env(time) 30789326020
16:49:51    573 --> ...                                                                                              [tcl] set synopsys::env(time) 30844856310
16:49:54    574 --> ...                                                                                                  [tcl] set synopsys::env(time) 30900687385
16:49:57    575 --> ...  [tcl] set synopsys::env(time) 30957084035
16:50:00    576 --> ...      [tcl] set synopsys::env(time) 31012565345
16:50:03    577 --> ...          [tcl] set synopsys::env(time) 31067939135
16:50:05    578 --> ...              [tcl] set synopsys::env(time) 31121555030
16:50:08    579 --> ...                  [tcl] set synopsys::env(time) 31176070320
16:50:12    580 --> ...                      [tcl] set synopsys::env(time) 31231037245
16:50:15    581 --> ...                          [tcl] set synopsys::env(time) 31286708460
16:50:18    582 --> ...                              [tcl] set synopsys::env(time) 31342247635
16:50:21    583 --> ...                                  [tcl] set synopsys::env(time) 31397479065
16:50:24    584 --> ...                                      [tcl] set synopsys::env(time) 31452853450
16:50:27    585 --> ...                                          [tcl] set synopsys::env(time) 31507831650
16:50:30    586 --> ...                                              [tcl] set synopsys::env(time) 31563284160
16:50:33    587 --> ...                                                  [tcl] set synopsys::env(time) 31618560505
16:50:35    588 --> ...                                                      [tcl] set synopsys::env(time) 31673053845
16:50:39    589 --> ...                                                          [tcl] set synopsys::env(time) 31730228380
16:50:42    590 --> ...                                                              [tcl] set synopsys::env(time) 31788100105
16:50:45    591 --> ...                                                                  [tcl] set synopsys::env(time) 31844566345
16:50:48    592 --> ...                                                                      [tcl] set synopsys::env(time) 31899891130
16:50:51    593 --> ...                                                                          [tcl] set synopsys::env(time) 31955148870
16:50:54    594 --> ...                                                                              [tcl] set synopsys::env(time) 32009922035
16:50:57    595 --> ...                                                                                  [tcl] set synopsys::env(time) 32065255380
16:50:59    596 --> ...                                                                                      [tcl] set synopsys::env(time) 32118973610
16:51:02    597 --> ...                                                                                          [tcl] set synopsys::env(time) 32175280600
16:51:06    598 --> ...                                                                                              [tcl] set synopsys::env(time) 32232422750
16:51:09    599 --> ...                                                                                                  [tcl] set synopsys::env(time) 32290156820
16:51:12    600 --> ...  [tcl] set synopsys::env(time) 32347703130
16:51:15    601 --> ...      [tcl] set synopsys::env(time) 32405364730
16:51:18    602 --> ...          [tcl] set synopsys::env(time) 32462952595
16:51:21    603 --> ...              [tcl] set synopsys::env(time) 32520187995
16:51:24    604 --> ...                  [tcl] set synopsys::env(time) 32578123985
16:51:26    605 --> ...                      [tcl] set synopsys::env(time) 32634043015
16:51:30    606 --> ...                          [tcl] set synopsys::env(time) 32691759935
16:51:33    607 --> ...                              [tcl] set synopsys::env(time) 32749404240
16:51:36    608 --> ...                                  [tcl] set synopsys::env(time) 32807307560
16:51:39    609 --> ...                                      [tcl] set synopsys::env(time) 32864980405
16:51:42    610 --> ...                                          [tcl] set synopsys::env(time) 32922890260
16:51:45    611 --> ...                                              [tcl] set synopsys::env(time) 32980704070
16:51:48    612 --> ...                                                  [tcl] set synopsys::env(time) 33038751560
16:51:50    613 --> ...                                                      [tcl] set synopsys::env(time) 33094555750
16:51:53    614 --> ...                                                          [tcl] set synopsys::env(time) 33149928615
16:51:57    615 --> ...                                                              [tcl] set synopsys::env(time) 33207958985
16:52:00    616 --> ...                                                                  [tcl] set synopsys::env(time) 33265971340
16:52:03    617 --> ...                                                                      [tcl] set synopsys::env(time) 33323687775
16:52:06    618 --> ...                                                                          [tcl] set synopsys::env(time) 33381461720
16:52:09    619 --> ...                                                                              [tcl] set synopsys::env(time) 33439113335
16:52:12    620 --> ...                                                                                  [tcl] set synopsys::env(time) 33496617170
16:52:15    621 --> ...                                                                                      [tcl] set synopsys::env(time) 33554253615
16:52:17    622 --> ...                                                                                          [tcl] set synopsys::env(time) 33610152170
16:52:21    623 --> ...                                                                                              [tcl] set synopsys::env(time) 33667962550
16:52:24    624 --> ...                                                                                                  [tcl] set synopsys::env(time) 33725516530
16:52:27    625 --> ...  [tcl] set synopsys::env(time) 33783287740
16:52:30    626 --> ...      [tcl] set synopsys::env(time) 33840750535
16:52:33    627 --> ...          [tcl] set synopsys::env(time) 33897452720
16:52:36    628 --> ...              [tcl] set synopsys::env(time) 33956875700
16:52:39    629 --> ...                  [tcl] set synopsys::env(time) 34017106605
16:52:41    630 --> ...                      [tcl] set synopsys::env(time) 34075877880
16:52:44    631 --> ...                          [tcl] set synopsys::env(time) 34136113080
16:52:48    632 --> ...                              [tcl] set synopsys::env(time) 34196903190
16:52:51    633 --> ...                                  [tcl] set synopsys::env(time) 34257556985
16:52:54    634 --> ...                                      [tcl] set synopsys::env(time) 34318108190
16:52:57    635 --> ...                                          [tcl] set synopsys::env(time) 34378740930
16:53:00    636 --> ...                                              [tcl] set synopsys::env(time) 34439319625
16:53:03    637 --> ...                                                  [tcl] set synopsys::env(time) 34499200150
16:53:06    638 --> ...                                                      [tcl] set synopsys::env(time) 34559613140
16:53:08    639 --> ...                                                          [tcl] set synopsys::env(time) 34618162445
16:53:11    640 --> ...                                                              [tcl] set synopsys::env(time) 34678758165
16:53:15    641 --> ...                                                                  [tcl] set synopsys::env(time) 34739329035
16:53:18    642 --> ...                                                                      [tcl] set synopsys::env(time) 34799745230
16:53:21    643 --> ...                                                                          [tcl] set synopsys::env(time) 34860203190
16:53:24    644 --> ...                                                                              [tcl] set synopsys::env(time) 34920702985
16:53:27    645 --> ...                                                                                  [tcl] set synopsys::env(time) 34981246560
16:53:30    646 --> ...                                                                                      [tcl] set synopsys::env(time) 35041651700
16:53:33    647 --> ...                                                                                          [tcl] set synopsys::env(time) 35102078050
16:53:35    648 --> ...                                                                                              [tcl] set synopsys::env(time) 35157790505
16:53:38    649 --> ...                                                                                                  [tcl] set synopsys::env(time) 35215536810
16:53:42    650 --> ...  [tcl] set synopsys::env(time) 35273469625
