# Preference setting overrides
gui_create_pref_key -category {Globals} -key {load_detail_for_funcov} -value_type {bool} -value {false}

# State setting overrides
gui_state_default_create -off -ini
gui_set_state_value -category Layout -key child_console_size_x -value 1427
gui_set_state_value -category Layout -key child_console_size_y -value 169
gui_set_state_value -category Layout -key child_data_coltype -value 80
gui_set_state_value -category Layout -key child_data_colvalue -value 120
gui_set_state_value -category Layout -key child_data_colvariable -value 160
gui_set_state_value -category Layout -key child_data_size_x -value 361
gui_set_state_value -category Layout -key child_data_size_y -value 479
gui_set_state_value -category Layout -key child_driver_size_x -value 1131
gui_set_state_value -category Layout -key child_driver_size_y -value 179
gui_set_state_value -category Layout -key child_hier_col3 -value {-1}
gui_set_state_value -category Layout -key child_hier_colpd -value 0
gui_set_state_value -category Layout -key child_hier_size_x -value 159
gui_set_state_value -category Layout -key child_hier_size_y -value 479
gui_set_state_value -category Layout -key child_hier_sort_order -value 1
gui_set_state_value -category Layout -key child_source_docknewline -value false
gui_set_state_value -category Layout -key child_source_pos_x -value {-2}
gui_set_state_value -category Layout -key child_source_pos_y -value {-17}
gui_set_state_value -category Layout -key child_source_size_x -value 910
gui_set_state_value -category Layout -key child_source_size_y -value 475
gui_set_state_value -category Layout -key child_wave_colname -value 195
gui_set_state_value -category Layout -key child_wave_colvalue -value 195
gui_set_state_value -category Layout -key child_wave_left -value 394
gui_set_state_value -category Layout -key child_wave_right -value 960
gui_set_state_value -category Layout -key main_pos_x -value 27
gui_set_state_value -category Layout -key main_pos_y -value 51
gui_set_state_value -category Layout -key main_size_x -value 1454
gui_set_state_value -category Layout -key main_size_y -value 813
gui_set_state_value -category Layout -key stand_wave_child_docknewline -value false
gui_set_state_value -category Layout -key stand_wave_child_pos_x -value {-2}
gui_set_state_value -category Layout -key stand_wave_child_pos_y -value {-17}
gui_set_state_value -category Layout -key stand_wave_child_size_x -value 1364
gui_set_state_value -category Layout -key stand_wave_child_size_y -value 634
gui_set_state_value -category Layout -key stand_wave_top_pos_x -value 34
gui_set_state_value -category Layout -key stand_wave_top_pos_y -value 45
gui_set_state_value -category Layout -key stand_wave_top_size_x -value 1393
gui_set_state_value -category Layout -key stand_wave_top_size_y -value 797
gui_create_state_key -category FindDialog -key m_pMatchCase -value_type bool -value false
gui_create_state_key -category FindDialog -key m_pMatchWord -value_type bool -value false
gui_create_state_key -category FindDialog -key m_pUseCombo -value_type string -value {}
gui_create_state_key -category FindDialog -key m_pWrapAround -value_type bool -value true
gui_create_state_key -category Widget_History -key {dlgSimSetup|m_setupTab|tab pages|SimTab|m_VPDCombo} -value_type string -value inter.vpd
gui_create_state_key -category Widget_History -key {dlgSimSetup|m_setupTab|tab pages|SimTab|m_curDirCombo} -value_type string -value /afs/ece.cmu.edu/usr/cdgu/Private/18240/HW/HW7
gui_create_state_key -category Widget_History -key {dlgSimSetup|m_setupTab|tab pages|SimTab|m_exeCombo} -value_type string -value ./simv
gui_state_default_create -off

# Begin command logging
gui_sim_run Ucli -exe ./simv -args {-ucligui  } -dir .
gui_list_select -id Hier.1 -current_item_name testLab5 -current_item_type Scope  -selected  { testLab5   }
gui_list_select -id Data.1 -selected  { {testLab5.CoinValue[1:0]}   }
gui_list_select -id Data.1 { testLab5.CoinInserted  testLab5.StartGame  {testLab5.Guess[11:0]}  testLab5.GradeIt  {testLab5.LoadShape[2:0]}  {testLab5.ShapeLocation[1:0]}  testLab5.LoadShapeNow  {testLab5.Znarly[3:0]}  {testLab5.Zood[3:0]}  {testLab5.RoundNumber[3:0]}  {testLab5.NumGames[3:0]}  testLab5.GameWon  testLab5.reset  testLab5.debug  testLab5.clock   }
gui_open_window Wave
gui_list_add -id Wave.1 -from Data.1 { {testLab5.CoinValue[1:0]} testLab5.CoinInserted testLab5.StartGame {testLab5.Guess[11:0]} testLab5.GradeIt {testLab5.LoadShape[2:0]} {testLab5.ShapeLocation[1:0]} testLab5.LoadShapeNow {testLab5.Znarly[3:0]} {testLab5.Zood[3:0]} {testLab5.RoundNumber[3:0]} {testLab5.NumGames[3:0]} testLab5.GameWon testLab5.reset testLab5.debug testLab5.clock } -insertionbar
gui_sim_continue  
